2023-02-27 21:32:29 | [INFO]    | Discordia 2.11.2
2023-02-27 21:32:29 | [INFO]    | Connecting to Discord...
2023-02-27 21:32:29 | [INFO]    | Authenticated as mogbot#5755
2023-02-27 21:32:29 | [INFO]    | Launching shard 0 (1 out of 1)...
2023-02-27 21:32:30 | [INFO]    | Shard 0 : Connected to wss://gateway.discord.gg
2023-02-27 21:32:30 | [INFO]    | Shard 0 : Received HELLO
2023-02-27 21:32:30 | [INFO]    | Shard 0 : Received READY
2023-02-27 21:35:36 | [INFO]    | Discordia 2.11.2
2023-02-27 21:35:36 | [INFO]    | Connecting to Discord...
2023-02-27 21:35:37 | [INFO]    | Authenticated as mogbot#5755
2023-02-27 21:35:37 | [INFO]    | Launching shard 0 (1 out of 1)...
2023-02-27 21:35:37 | [INFO]    | Shard 0 : Connected to wss://gateway.discord.gg
2023-02-27 21:35:37 | [INFO]    | Shard 0 : Received HELLO
2023-02-27 21:35:37 | [INFO]    | Shard 0 : Received READY
2023-02-27 21:35:51 | [INFO]    | Discordia 2.11.2
2023-02-27 21:35:51 | [INFO]    | Connecting to Discord...
2023-02-27 21:35:51 | [INFO]    | Authenticated as mogbot#5755
2023-02-27 21:35:51 | [INFO]    | Launching shard 0 (1 out of 1)...
2023-02-27 21:35:51 | [INFO]    | Shard 0 : Connected to wss://gateway.discord.gg
2023-02-27 21:35:51 | [INFO]    | Shard 0 : Received HELLO
2023-02-27 21:35:52 | [INFO]    | Shard 0 : Received READY
2023-02-27 21:36:36 | [INFO]    | Discordia 2.11.2
2023-02-27 21:36:36 | [INFO]    | Connecting to Discord...
2023-02-27 21:36:36 | [INFO]    | Authenticated as mogbot#5755
2023-02-27 21:36:36 | [INFO]    | Launching shard 0 (1 out of 1)...
2023-02-27 21:36:36 | [INFO]    | Shard 0 : Connected to wss://gateway.discord.gg
2023-02-27 21:36:36 | [INFO]    | Shard 0 : Received HELLO
2023-02-27 21:36:36 | [INFO]    | Shard 0 : Received READY
2023-02-27 21:36:47 | [INFO]    | Discordia 2.11.2
2023-02-27 21:36:47 | [INFO]    | Connecting to Discord...
2023-02-27 21:36:47 | [INFO]    | Authenticated as mogbot#5755
2023-02-27 21:36:47 | [INFO]    | Launching shard 0 (1 out of 1)...
2023-02-27 21:36:47 | [INFO]    | Shard 0 : Connected to wss://gateway.discord.gg
2023-02-27 21:36:47 | [INFO]    | Shard 0 : Received HELLO
2023-02-27 21:36:47 | [INFO]    | Shard 0 : Received READY
2023-02-27 21:37:49 | [INFO]    | Discordia 2.11.2
2023-02-27 21:37:49 | [INFO]    | Connecting to Discord...
2023-02-27 21:37:49 | [INFO]    | Authenticated as mogbot#5755
2023-02-27 21:37:49 | [INFO]    | Launching shard 0 (1 out of 1)...
2023-02-27 21:37:49 | [INFO]    | Shard 0 : Connected to wss://gateway.discord.gg
2023-02-27 21:37:49 | [INFO]    | Shard 0 : Received HELLO
2023-02-27 21:37:49 | [INFO]    | Shard 0 : Received READY
2023-02-27 21:38:12 | [INFO]    | Discordia 2.11.2
2023-02-27 21:38:12 | [INFO]    | Connecting to Discord...
2023-02-27 21:38:12 | [INFO]    | Authenticated as mogbot#5755
2023-02-27 21:38:12 | [INFO]    | Launching shard 0 (1 out of 1)...
2023-02-27 21:38:12 | [INFO]    | Shard 0 : Connected to wss://gateway.discord.gg
2023-02-27 21:38:12 | [INFO]    | Shard 0 : Received HELLO
2023-02-27 21:38:12 | [INFO]    | Shard 0 : Received READY
2023-02-27 21:45:30 | [INFO]    | Discordia 2.11.2
2023-02-27 21:45:30 | [INFO]    | Connecting to Discord...
2023-02-27 21:45:30 | [INFO]    | Authenticated as mogbot#5755
2023-02-27 21:45:30 | [INFO]    | Launching shard 0 (1 out of 1)...
2023-02-27 21:45:30 | [INFO]    | Shard 0 : Connected to wss://gateway.discord.gg
2023-02-27 21:45:30 | [INFO]    | Shard 0 : Received HELLO
2023-02-27 21:45:30 | [INFO]    | Shard 0 : Received READY
2023-02-27 21:54:36 | [INFO]    | Discordia 2.11.2
2023-02-27 21:54:36 | [INFO]    | Connecting to Discord...
2023-02-27 21:54:36 | [INFO]    | Authenticated as mogbot#5755
2023-02-27 21:54:36 | [INFO]    | Launching shard 0 (1 out of 1)...
2023-02-27 21:54:36 | [INFO]    | Shard 0 : Connected to wss://gateway.discord.gg
2023-02-27 21:54:36 | [INFO]    | Shard 0 : Received HELLO
2023-02-27 21:54:37 | [INFO]    | Shard 0 : Received READY
2023-02-27 22:14:48 | [INFO]    | Discordia 2.11.2
2023-02-27 22:14:48 | [INFO]    | Connecting to Discord...
2023-02-27 22:14:49 | [INFO]    | Authenticated as mogbot#5755
2023-02-27 22:14:49 | [INFO]    | Launching shard 0 (1 out of 1)...
2023-02-27 22:14:49 | [INFO]    | Shard 0 : Connected to wss://gateway.discord.gg
2023-02-27 22:14:49 | [INFO]    | Shard 0 : Received HELLO
2023-02-27 22:14:49 | [INFO]    | Shard 0 : Received READY
2023-02-27 22:21:02 | [INFO]    | Discordia 2.11.2
2023-02-27 22:21:02 | [INFO]    | Connecting to Discord...
2023-02-27 22:21:02 | [INFO]    | Authenticated as mogbot#5755
2023-02-27 22:21:02 | [INFO]    | Launching shard 0 (1 out of 1)...
2023-02-27 22:21:03 | [INFO]    | Shard 0 : Connected to wss://gateway.discord.gg
2023-02-27 22:21:03 | [INFO]    | Shard 0 : Received HELLO
2023-02-27 22:21:03 | [INFO]    | Shard 0 : Received READY
2023-02-27 22:39:40 | [INFO]    | Discordia 2.11.2
2023-02-27 22:39:40 | [INFO]    | Connecting to Discord...
2023-02-27 22:39:40 | [INFO]    | Authenticated as mogbot#5755
2023-02-27 22:39:41 | [INFO]    | Launching shard 0 (1 out of 1)...
2023-02-27 22:39:41 | [INFO]    | Shard 0 : Connected to wss://gateway.discord.gg
2023-02-27 22:39:41 | [INFO]    | Shard 0 : Received HELLO
2023-02-27 22:39:41 | [INFO]    | Shard 0 : Received READY
2023-02-27 22:40:47 | [ERROR]   | 401 - Unauthorized : GET https://discord.com/api/v8/users/328026599599374336
2023-02-27 22:40:47 | [INFO]    | Discordia 2.11.2
2023-02-27 22:40:47 | [INFO]    | Connecting to Discord...
2023-02-27 22:40:47 | [INFO]    | Authenticated as mogbot#5755
2023-02-27 22:40:47 | [INFO]    | Launching shard 0 (1 out of 1)...
2023-02-27 22:40:47 | [INFO]    | Shard 0 : Connected to wss://gateway.discord.gg
2023-02-27 22:40:47 | [INFO]    | Shard 0 : Received HELLO
2023-02-27 22:40:47 | [INFO]    | Shard 0 : Received READY
2023-02-27 22:42:06 | [ERROR]   | 401 - Unauthorized : GET https://discord.com/api/v8/users/328026599599374336
2023-02-27 22:42:39 | [ERROR]   | 401 - Unauthorized : GET https://discord.com/api/v8/users/nil
2023-02-27 22:48:46 | [ERROR]   | 401 - Unauthorized : GET https://discord.com/api/v8/users/328026599599374336
2023-02-27 22:48:46 | [INFO]    | Discordia 2.11.2
2023-02-27 22:48:46 | [INFO]    | Connecting to Discord...
2023-02-27 22:48:46 | [INFO]    | Authenticated as mogbot#5755
2023-02-27 22:48:46 | [INFO]    | Launching shard 0 (1 out of 1)...
2023-02-27 22:48:46 | [INFO]    | Shard 0 : Connected to wss://gateway.discord.gg
2023-02-27 22:48:46 | [INFO]    | Shard 0 : Received HELLO
2023-02-27 22:48:47 | [INFO]    | Shard 0 : Received READY
2023-02-27 22:49:53 | [ERROR]   | 401 - Unauthorized : GET https://discord.com/api/v8/users/1078816076298719312
2023-02-27 22:49:53 | [INFO]    | Discordia 2.11.2
2023-02-27 22:49:53 | [INFO]    | Connecting to Discord...
2023-02-27 22:49:54 | [INFO]    | Authenticated as mogbot#5755
2023-02-27 22:49:54 | [INFO]    | Launching shard 0 (1 out of 1)...
2023-02-27 22:49:54 | [INFO]    | Shard 0 : Connected to wss://gateway.discord.gg
2023-02-27 22:49:54 | [INFO]    | Shard 0 : Received HELLO
2023-02-27 22:49:54 | [INFO]    | Shard 0 : Received READY
2023-02-27 22:51:48 | [INFO]    | Discordia 2.11.2
2023-02-27 22:51:48 | [INFO]    | Connecting to Discord...
2023-02-27 22:51:48 | [INFO]    | Authenticated as mogbot#5755
2023-02-27 22:51:48 | [INFO]    | Launching shard 0 (1 out of 1)...
2023-02-27 22:51:49 | [INFO]    | Shard 0 : Connected to wss://gateway.discord.gg
2023-02-27 22:51:49 | [INFO]    | Shard 0 : Received HELLO
2023-02-27 22:51:49 | [INFO]    | Shard 0 : Received READY
2023-02-27 23:05:14 | [INFO]    | Discordia 2.11.2
2023-02-27 23:05:14 | [INFO]    | Connecting to Discord...
2023-02-27 23:05:14 | [INFO]    | Authenticated as mogbot#5755
2023-02-27 23:05:14 | [INFO]    | Launching shard 0 (1 out of 1)...
2023-02-27 23:05:14 | [INFO]    | Shard 0 : Connected to wss://gateway.discord.gg
2023-02-27 23:05:14 | [INFO]    | Shard 0 : Received HELLO
2023-02-27 23:05:14 | [INFO]    | Shard 0 : Received READY
2023-02-27 23:06:08 | [INFO]    | Discordia 2.11.2
2023-02-27 23:06:08 | [INFO]    | Connecting to Discord...
2023-02-27 23:06:09 | [INFO]    | Authenticated as mogbot#5755
2023-02-27 23:06:09 | [INFO]    | Launching shard 0 (1 out of 1)...
2023-02-27 23:06:09 | [INFO]    | Shard 0 : Connected to wss://gateway.discord.gg
2023-02-27 23:06:09 | [INFO]    | Shard 0 : Received HELLO
2023-02-27 23:06:09 | [INFO]    | Shard 0 : Received READY
2023-02-27 23:07:04 | [INFO]    | Discordia 2.11.2
2023-02-27 23:07:04 | [INFO]    | Connecting to Discord...
2023-02-27 23:07:04 | [INFO]    | Authenticated as mogbot#5755
2023-02-27 23:07:04 | [INFO]    | Launching shard 0 (1 out of 1)...
2023-02-27 23:07:04 | [INFO]    | Shard 0 : Connected to wss://gateway.discord.gg
2023-02-27 23:07:04 | [INFO]    | Shard 0 : Received HELLO
2023-02-27 23:07:05 | [INFO]    | Shard 0 : Received READY
2023-02-27 23:07:21 | [INFO]    | Discordia 2.11.2
2023-02-27 23:07:21 | [INFO]    | Connecting to Discord...
2023-02-27 23:07:22 | [INFO]    | Authenticated as mogbot#5755
2023-02-27 23:07:22 | [INFO]    | Launching shard 0 (1 out of 1)...
2023-02-27 23:07:22 | [INFO]    | Shard 0 : Connected to wss://gateway.discord.gg
2023-02-27 23:07:22 | [INFO]    | Shard 0 : Received HELLO
2023-02-27 23:07:22 | [INFO]    | Shard 0 : Received READY
2023-02-27 23:10:11 | [INFO]    | Discordia 2.11.2
2023-02-27 23:10:11 | [INFO]    | Connecting to Discord...
2023-02-27 23:10:11 | [INFO]    | Authenticated as mogbot#5755
2023-02-27 23:10:11 | [INFO]    | Launching shard 0 (1 out of 1)...
2023-02-27 23:10:11 | [INFO]    | Shard 0 : Connected to wss://gateway.discord.gg
2023-02-27 23:10:11 | [INFO]    | Shard 0 : Received HELLO
2023-02-27 23:10:11 | [INFO]    | Shard 0 : Received READY
2023-02-27 23:18:10 | [INFO]    | Discordia 2.11.2
2023-02-27 23:18:10 | [INFO]    | Connecting to Discord...
2023-02-27 23:18:10 | [INFO]    | Authenticated as mogbot#5755
2023-02-27 23:18:10 | [INFO]    | Launching shard 0 (1 out of 1)...
2023-02-27 23:18:10 | [INFO]    | Shard 0 : Connected to wss://gateway.discord.gg
2023-02-27 23:18:10 | [INFO]    | Shard 0 : Received HELLO
2023-02-27 23:18:10 | [INFO]    | Shard 0 : Received READY
2023-02-27 23:18:57 | [INFO]    | Discordia 2.11.2
2023-02-27 23:18:57 | [INFO]    | Connecting to Discord...
2023-02-27 23:18:57 | [INFO]    | Authenticated as mogbot#5755
2023-02-27 23:18:57 | [INFO]    | Launching shard 0 (1 out of 1)...
2023-02-27 23:18:58 | [INFO]    | Shard 0 : Connected to wss://gateway.discord.gg
2023-02-27 23:18:58 | [INFO]    | Shard 0 : Received HELLO
2023-02-27 23:18:58 | [INFO]    | Shard 0 : Received READY
2023-02-27 23:21:04 | [INFO]    | Discordia 2.11.2
2023-02-27 23:21:04 | [INFO]    | Connecting to Discord...
2023-02-27 23:21:04 | [INFO]    | Authenticated as mogbot#5755
2023-02-27 23:21:04 | [INFO]    | Launching shard 0 (1 out of 1)...
2023-02-27 23:21:05 | [INFO]    | Shard 0 : Connected to wss://gateway.discord.gg
2023-02-27 23:21:05 | [INFO]    | Shard 0 : Received HELLO
2023-02-27 23:21:05 | [INFO]    | Shard 0 : Received READY
2023-02-27 23:24:34 | [INFO]    | Discordia 2.11.2
2023-02-27 23:24:34 | [INFO]    | Connecting to Discord...
2023-02-27 23:24:34 | [INFO]    | Authenticated as mogbot#5755
2023-02-27 23:24:34 | [INFO]    | Launching shard 0 (1 out of 1)...
2023-02-27 23:24:35 | [INFO]    | Shard 0 : Connected to wss://gateway.discord.gg
2023-02-27 23:24:35 | [INFO]    | Shard 0 : Received HELLO
2023-02-27 23:24:35 | [INFO]    | Shard 0 : Received READY
2023-02-27 23:25:16 | [INFO]    | Discordia 2.11.2
2023-02-27 23:25:16 | [INFO]    | Connecting to Discord...
2023-02-27 23:25:16 | [INFO]    | Authenticated as mogbot#5755
2023-02-27 23:25:16 | [INFO]    | Launching shard 0 (1 out of 1)...
2023-02-27 23:25:16 | [INFO]    | Shard 0 : Connected to wss://gateway.discord.gg
2023-02-27 23:25:16 | [INFO]    | Shard 0 : Received HELLO
2023-02-27 23:25:16 | [INFO]    | Shard 0 : Received READY
2023-02-27 23:33:39 | [INFO]    | Discordia 2.11.2
2023-02-27 23:33:39 | [INFO]    | Connecting to Discord...
2023-02-27 23:33:40 | [INFO]    | Authenticated as mogbot#5755
2023-02-27 23:33:40 | [INFO]    | Launching shard 0 (1 out of 1)...
2023-02-27 23:33:40 | [INFO]    | Shard 0 : Connected to wss://gateway.discord.gg
2023-02-27 23:33:40 | [INFO]    | Shard 0 : Received HELLO
2023-02-27 23:33:40 | [INFO]    | Shard 0 : Received READY
2023-02-27 23:39:48 | [INFO]    | Discordia 2.11.2
2023-02-27 23:39:48 | [INFO]    | Connecting to Discord...
2023-02-27 23:39:48 | [INFO]    | Authenticated as mogbot#5755
2023-02-27 23:39:49 | [INFO]    | Launching shard 0 (1 out of 1)...
2023-02-27 23:39:49 | [INFO]    | Shard 0 : Connected to wss://gateway.discord.gg
2023-02-27 23:39:49 | [INFO]    | Shard 0 : Received HELLO
2023-02-27 23:39:49 | [INFO]    | Shard 0 : Received READY
2023-02-27 23:44:04 | [INFO]    | Discordia 2.11.2
2023-02-27 23:44:04 | [INFO]    | Connecting to Discord...
2023-02-27 23:44:04 | [INFO]    | Authenticated as mogbot#5755
2023-02-27 23:44:04 | [INFO]    | Launching shard 0 (1 out of 1)...
2023-02-27 23:44:04 | [INFO]    | Shard 0 : Connected to wss://gateway.discord.gg
2023-02-27 23:44:04 | [INFO]    | Shard 0 : Received HELLO
2023-02-27 23:44:05 | [INFO]    | Shard 0 : Received READY
2023-02-27 23:45:14 | [INFO]    | Discordia 2.11.2
2023-02-27 23:45:14 | [INFO]    | Connecting to Discord...
2023-02-27 23:45:14 | [INFO]    | Authenticated as mogbot#5755
2023-02-27 23:45:14 | [INFO]    | Launching shard 0 (1 out of 1)...
2023-02-27 23:45:14 | [INFO]    | Shard 0 : Connected to wss://gateway.discord.gg
2023-02-27 23:45:14 | [INFO]    | Shard 0 : Received HELLO
2023-02-27 23:45:15 | [INFO]    | Shard 0 : Received READY
2023-02-27 23:45:29 | [INFO]    | Discordia 2.11.2
2023-02-27 23:45:29 | [INFO]    | Connecting to Discord...
2023-02-27 23:45:29 | [INFO]    | Authenticated as mogbot#5755
2023-02-27 23:45:29 | [INFO]    | Launching shard 0 (1 out of 1)...
2023-02-27 23:45:29 | [INFO]    | Shard 0 : Connected to wss://gateway.discord.gg
2023-02-27 23:45:29 | [INFO]    | Shard 0 : Received HELLO
2023-02-27 23:45:29 | [INFO]    | Shard 0 : Received READY
2023-02-27 23:45:41 | [INFO]    | Discordia 2.11.2
2023-02-27 23:45:41 | [INFO]    | Connecting to Discord...
2023-02-27 23:45:41 | [INFO]    | Authenticated as mogbot#5755
2023-02-27 23:45:41 | [INFO]    | Launching shard 0 (1 out of 1)...
2023-02-27 23:45:41 | [INFO]    | Shard 0 : Connected to wss://gateway.discord.gg
2023-02-27 23:45:41 | [INFO]    | Shard 0 : Received HELLO
2023-02-27 23:45:41 | [INFO]    | Shard 0 : Received READY
2023-02-27 23:45:51 | [INFO]    | Discordia 2.11.2
2023-02-27 23:45:51 | [INFO]    | Connecting to Discord...
2023-02-27 23:45:51 | [INFO]    | Authenticated as mogbot#5755
2023-02-27 23:45:51 | [INFO]    | Launching shard 0 (1 out of 1)...
2023-02-27 23:45:51 | [INFO]    | Shard 0 : Connected to wss://gateway.discord.gg
2023-02-27 23:45:51 | [INFO]    | Shard 0 : Received HELLO
2023-02-27 23:45:51 | [INFO]    | Shard 0 : Received READY
2023-02-27 23:46:34 | [INFO]    | Discordia 2.11.2
2023-02-27 23:46:34 | [INFO]    | Connecting to Discord...
2023-02-27 23:46:35 | [INFO]    | Authenticated as mogbot#5755
2023-02-27 23:46:35 | [INFO]    | Launching shard 0 (1 out of 1)...
2023-02-27 23:46:35 | [INFO]    | Shard 0 : Connected to wss://gateway.discord.gg
2023-02-27 23:46:35 | [INFO]    | Shard 0 : Received HELLO
2023-02-27 23:46:35 | [INFO]    | Shard 0 : Received READY
2023-02-27 23:48:43 | [INFO]    | Discordia 2.11.2
2023-02-27 23:48:43 | [INFO]    | Connecting to Discord...
2023-02-27 23:48:43 | [INFO]    | Authenticated as mogbot#5755
2023-02-27 23:48:43 | [INFO]    | Launching shard 0 (1 out of 1)...
2023-02-27 23:48:43 | [INFO]    | Shard 0 : Connected to wss://gateway.discord.gg
2023-02-27 23:48:43 | [INFO]    | Shard 0 : Received HELLO
2023-02-27 23:48:43 | [INFO]    | Shard 0 : Received READY
2023-02-27 23:54:36 | [INFO]    | Discordia 2.11.2
2023-02-27 23:54:36 | [INFO]    | Connecting to Discord...
2023-02-27 23:54:36 | [INFO]    | Authenticated as mogbot#5755
2023-02-27 23:54:36 | [INFO]    | Launching shard 0 (1 out of 1)...
2023-02-27 23:54:36 | [INFO]    | Shard 0 : Connected to wss://gateway.discord.gg
2023-02-27 23:54:36 | [INFO]    | Shard 0 : Received HELLO
2023-02-27 23:54:37 | [INFO]    | Shard 0 : Received READY
2023-02-27 23:56:45 | [INFO]    | Discordia 2.11.2
2023-02-27 23:56:45 | [INFO]    | Connecting to Discord...
2023-02-27 23:56:45 | [INFO]    | Authenticated as mogbot#5755
2023-02-27 23:56:45 | [INFO]    | Launching shard 0 (1 out of 1)...
2023-02-27 23:56:45 | [INFO]    | Shard 0 : Connected to wss://gateway.discord.gg
2023-02-27 23:56:45 | [INFO]    | Shard 0 : Received HELLO
2023-02-27 23:56:45 | [INFO]    | Shard 0 : Received READY
2023-02-27 23:58:05 | [INFO]    | Discordia 2.11.2
2023-02-27 23:58:05 | [INFO]    | Connecting to Discord...
2023-02-27 23:58:06 | [INFO]    | Authenticated as mogbot#5755
2023-02-27 23:58:06 | [INFO]    | Launching shard 0 (1 out of 1)...
2023-02-27 23:58:06 | [INFO]    | Shard 0 : Connected to wss://gateway.discord.gg
2023-02-27 23:58:06 | [INFO]    | Shard 0 : Received HELLO
2023-02-27 23:58:06 | [INFO]    | Shard 0 : Received READY
2023-02-27 23:59:53 | [INFO]    | Discordia 2.11.2
2023-02-27 23:59:53 | [INFO]    | Connecting to Discord...
2023-02-27 23:59:53 | [INFO]    | Authenticated as mogbot#5755
2023-02-27 23:59:53 | [INFO]    | Launching shard 0 (1 out of 1)...
2023-02-27 23:59:53 | [INFO]    | Shard 0 : Connected to wss://gateway.discord.gg
2023-02-27 23:59:53 | [INFO]    | Shard 0 : Received HELLO
2023-02-27 23:59:54 | [INFO]    | Shard 0 : Received READY
2023-02-28 00:00:32 | [INFO]    | Discordia 2.11.2
2023-02-28 00:00:32 | [INFO]    | Connecting to Discord...
2023-02-28 00:00:32 | [INFO]    | Authenticated as mogbot#5755
2023-02-28 00:00:32 | [INFO]    | Launching shard 0 (1 out of 1)...
2023-02-28 00:00:32 | [INFO]    | Shard 0 : Connected to wss://gateway.discord.gg
2023-02-28 00:00:32 | [INFO]    | Shard 0 : Received HELLO
2023-02-28 00:00:32 | [INFO]    | Shard 0 : Received READY
2023-02-28 00:03:18 | [INFO]    | Discordia 2.11.2
2023-02-28 00:03:18 | [INFO]    | Connecting to Discord...
2023-02-28 00:03:19 | [INFO]    | Authenticated as mogbot#5755
2023-02-28 00:03:19 | [INFO]    | Launching shard 0 (1 out of 1)...
2023-02-28 00:03:19 | [INFO]    | Shard 0 : Connected to wss://gateway.discord.gg
2023-02-28 00:03:19 | [INFO]    | Shard 0 : Received HELLO
2023-02-28 00:03:19 | [INFO]    | Shard 0 : Received READY
2023-02-28 00:04:59 | [INFO]    | Discordia 2.11.2
2023-02-28 00:04:59 | [INFO]    | Connecting to Discord...
2023-02-28 00:05:00 | [INFO]    | Authenticated as mogbot#5755
2023-02-28 00:05:00 | [INFO]    | Launching shard 0 (1 out of 1)...
2023-02-28 00:05:00 | [INFO]    | Shard 0 : Connected to wss://gateway.discord.gg
2023-02-28 00:05:00 | [INFO]    | Shard 0 : Received HELLO
2023-02-28 00:05:00 | [INFO]    | Shard 0 : Received READY
2023-02-28 00:08:45 | [INFO]    | Discordia 2.11.2
2023-02-28 00:08:45 | [INFO]    | Connecting to Discord...
2023-02-28 00:08:45 | [INFO]    | Authenticated as mogbot#5755
2023-02-28 00:08:45 | [INFO]    | Launching shard 0 (1 out of 1)...
2023-02-28 00:08:45 | [INFO]    | Shard 0 : Connected to wss://gateway.discord.gg
2023-02-28 00:08:45 | [INFO]    | Shard 0 : Received HELLO
2023-02-28 00:08:45 | [INFO]    | Shard 0 : Received READY
2023-02-28 00:09:37 | [INFO]    | Discordia 2.11.2
2023-02-28 00:09:37 | [INFO]    | Connecting to Discord...
2023-02-28 00:09:37 | [INFO]    | Authenticated as mogbot#5755
2023-02-28 00:09:37 | [INFO]    | Launching shard 0 (1 out of 1)...
2023-02-28 00:09:38 | [INFO]    | Shard 0 : Connected to wss://gateway.discord.gg
2023-02-28 00:09:38 | [INFO]    | Shard 0 : Received HELLO
2023-02-28 00:09:38 | [INFO]    | Shard 0 : Received READY
2023-02-28 00:09:54 | [INFO]    | Discordia 2.11.2
2023-02-28 00:09:54 | [INFO]    | Connecting to Discord...
2023-02-28 00:09:54 | [INFO]    | Authenticated as mogbot#5755
2023-02-28 00:09:54 | [INFO]    | Launching shard 0 (1 out of 1)...
2023-02-28 00:09:54 | [INFO]    | Shard 0 : Connected to wss://gateway.discord.gg
2023-02-28 00:09:54 | [INFO]    | Shard 0 : Received HELLO
2023-02-28 00:09:54 | [INFO]    | Shard 0 : Received READY
2023-02-28 00:10:06 | [INFO]    | Discordia 2.11.2
2023-02-28 00:10:06 | [INFO]    | Connecting to Discord...
2023-02-28 00:10:06 | [INFO]    | Authenticated as mogbot#5755
2023-02-28 00:10:06 | [INFO]    | Launching shard 0 (1 out of 1)...
2023-02-28 00:10:07 | [INFO]    | Shard 0 : Connected to wss://gateway.discord.gg
2023-02-28 00:10:07 | [INFO]    | Shard 0 : Received HELLO
2023-02-28 00:10:07 | [INFO]    | Shard 0 : Received READY
2023-02-28 00:10:56 | [INFO]    | Discordia 2.11.2
2023-02-28 00:10:56 | [INFO]    | Connecting to Discord...
2023-02-28 00:10:57 | [INFO]    | Authenticated as mogbot#5755
2023-02-28 00:10:57 | [INFO]    | Launching shard 0 (1 out of 1)...
2023-02-28 00:10:57 | [INFO]    | Shard 0 : Connected to wss://gateway.discord.gg
2023-02-28 00:10:57 | [INFO]    | Shard 0 : Received HELLO
2023-02-28 00:10:57 | [INFO]    | Shard 0 : Received READY
2023-02-28 00:13:33 | [INFO]    | Discordia 2.11.2
2023-02-28 00:13:33 | [INFO]    | Connecting to Discord...
2023-02-28 00:13:34 | [INFO]    | Authenticated as mogbot#5755
2023-02-28 00:13:34 | [INFO]    | Launching shard 0 (1 out of 1)...
2023-02-28 00:13:34 | [INFO]    | Shard 0 : Connected to wss://gateway.discord.gg
2023-02-28 00:13:34 | [INFO]    | Shard 0 : Received HELLO
2023-02-28 00:13:34 | [INFO]    | Shard 0 : Received READY
2023-02-28 00:14:51 | [INFO]    | Discordia 2.11.2
2023-02-28 00:14:51 | [INFO]    | Connecting to Discord...
2023-02-28 00:14:51 | [INFO]    | Authenticated as mogbot#5755
2023-02-28 00:14:51 | [INFO]    | Launching shard 0 (1 out of 1)...
2023-02-28 00:14:51 | [INFO]    | Shard 0 : Connected to wss://gateway.discord.gg
2023-02-28 00:14:51 | [INFO]    | Shard 0 : Received HELLO
2023-02-28 00:14:51 | [INFO]    | Shard 0 : Received READY
2023-02-28 00:15:36 | [INFO]    | Discordia 2.11.2
2023-02-28 00:15:36 | [INFO]    | Connecting to Discord...
2023-02-28 00:15:37 | [INFO]    | Authenticated as mogbot#5755
2023-02-28 00:15:37 | [INFO]    | Launching shard 0 (1 out of 1)...
2023-02-28 00:15:37 | [INFO]    | Shard 0 : Connected to wss://gateway.discord.gg
2023-02-28 00:15:37 | [INFO]    | Shard 0 : Received HELLO
2023-02-28 00:15:37 | [INFO]    | Shard 0 : Received READY
2023-02-28 00:16:46 | [INFO]    | Discordia 2.11.2
2023-02-28 00:16:46 | [INFO]    | Connecting to Discord...
2023-02-28 00:16:47 | [INFO]    | Authenticated as mogbot#5755
2023-02-28 00:16:47 | [INFO]    | Launching shard 0 (1 out of 1)...
2023-02-28 00:16:47 | [INFO]    | Shard 0 : Connected to wss://gateway.discord.gg
2023-02-28 00:16:47 | [INFO]    | Shard 0 : Received HELLO
2023-02-28 00:16:47 | [INFO]    | Shard 0 : Received READY
2023-02-28 00:17:05 | [INFO]    | Discordia 2.11.2
2023-02-28 00:17:05 | [INFO]    | Connecting to Discord...
2023-02-28 00:17:05 | [INFO]    | Authenticated as mogbot#5755
2023-02-28 00:17:05 | [INFO]    | Launching shard 0 (1 out of 1)...
2023-02-28 00:17:05 | [INFO]    | Shard 0 : Connected to wss://gateway.discord.gg
2023-02-28 00:17:05 | [INFO]    | Shard 0 : Received HELLO
2023-02-28 00:17:05 | [INFO]    | Shard 0 : Received READY
2023-02-28 00:17:18 | [INFO]    | Discordia 2.11.2
2023-02-28 00:17:18 | [INFO]    | Connecting to Discord...
2023-02-28 00:17:18 | [INFO]    | Authenticated as mogbot#5755
2023-02-28 00:17:18 | [INFO]    | Launching shard 0 (1 out of 1)...
2023-02-28 00:17:18 | [INFO]    | Shard 0 : Connected to wss://gateway.discord.gg
2023-02-28 00:17:18 | [INFO]    | Shard 0 : Received HELLO
2023-02-28 00:17:18 | [INFO]    | Shard 0 : Received READY
2023-02-28 00:20:02 | [INFO]    | Discordia 2.11.2
2023-02-28 00:20:02 | [INFO]    | Connecting to Discord...
2023-02-28 00:20:02 | [INFO]    | Authenticated as mogbot#5755
2023-02-28 00:20:02 | [INFO]    | Launching shard 0 (1 out of 1)...
2023-02-28 00:20:03 | [INFO]    | Shard 0 : Connected to wss://gateway.discord.gg
2023-02-28 00:20:03 | [INFO]    | Shard 0 : Received HELLO
2023-02-28 00:20:03 | [INFO]    | Shard 0 : Received READY
2023-02-28 00:20:47 | [INFO]    | Discordia 2.11.2
2023-02-28 00:20:47 | [INFO]    | Connecting to Discord...
2023-02-28 00:20:47 | [INFO]    | Authenticated as mogbot#5755
2023-02-28 00:20:47 | [INFO]    | Launching shard 0 (1 out of 1)...
2023-02-28 00:20:47 | [INFO]    | Shard 0 : Connected to wss://gateway.discord.gg
2023-02-28 00:20:47 | [INFO]    | Shard 0 : Received HELLO
2023-02-28 00:20:47 | [INFO]    | Shard 0 : Received READY
2023-02-28 00:21:11 | [INFO]    | Discordia 2.11.2
2023-02-28 00:21:11 | [INFO]    | Connecting to Discord...
2023-02-28 00:21:11 | [INFO]    | Authenticated as mogbot#5755
2023-02-28 00:21:11 | [INFO]    | Launching shard 0 (1 out of 1)...
2023-02-28 00:21:11 | [INFO]    | Shard 0 : Connected to wss://gateway.discord.gg
2023-02-28 00:21:11 | [INFO]    | Shard 0 : Received HELLO
2023-02-28 00:21:12 | [INFO]    | Shard 0 : Received READY
2023-02-28 00:23:21 | [INFO]    | Discordia 2.11.2
2023-02-28 00:23:21 | [INFO]    | Connecting to Discord...
2023-02-28 00:23:21 | [INFO]    | Authenticated as mogbot#5755
2023-02-28 00:23:21 | [INFO]    | Launching shard 0 (1 out of 1)...
2023-02-28 00:23:21 | [INFO]    | Shard 0 : Connected to wss://gateway.discord.gg
2023-02-28 00:23:21 | [INFO]    | Shard 0 : Received HELLO
2023-02-28 00:23:21 | [INFO]    | Shard 0 : Received READY
2023-02-28 00:25:58 | [INFO]    | Discordia 2.11.2
2023-02-28 00:25:58 | [INFO]    | Connecting to Discord...
2023-02-28 00:25:58 | [INFO]    | Authenticated as mogbot#5755
2023-02-28 00:25:58 | [INFO]    | Launching shard 0 (1 out of 1)...
2023-02-28 00:25:58 | [INFO]    | Shard 0 : Connected to wss://gateway.discord.gg
2023-02-28 00:25:58 | [INFO]    | Shard 0 : Received HELLO
2023-02-28 00:25:58 | [INFO]    | Shard 0 : Received READY
2023-02-28 00:26:16 | [INFO]    | Discordia 2.11.2
2023-02-28 00:26:16 | [INFO]    | Connecting to Discord...
2023-02-28 00:26:16 | [INFO]    | Authenticated as mogbot#5755
2023-02-28 00:26:16 | [INFO]    | Launching shard 0 (1 out of 1)...
2023-02-28 00:26:16 | [INFO]    | Shard 0 : Connected to wss://gateway.discord.gg
2023-02-28 00:26:16 | [INFO]    | Shard 0 : Received HELLO
2023-02-28 00:26:16 | [INFO]    | Shard 0 : Received READY
2023-02-28 00:33:10 | [INFO]    | Discordia 2.11.2
2023-02-28 00:33:10 | [INFO]    | Connecting to Discord...
2023-02-28 00:33:11 | [INFO]    | Authenticated as mogbot#5755
2023-02-28 00:33:11 | [INFO]    | Launching shard 0 (1 out of 1)...
2023-02-28 00:33:11 | [INFO]    | Shard 0 : Connected to wss://gateway.discord.gg
2023-02-28 00:33:11 | [INFO]    | Shard 0 : Received HELLO
2023-02-28 00:33:11 | [INFO]    | Shard 0 : Received READY
2023-02-28 00:34:12 | [INFO]    | Discordia 2.11.2
2023-02-28 00:34:12 | [INFO]    | Connecting to Discord...
2023-02-28 00:34:13 | [INFO]    | Authenticated as mogbot#5755
2023-02-28 00:34:13 | [INFO]    | Launching shard 0 (1 out of 1)...
2023-02-28 00:34:13 | [INFO]    | Shard 0 : Connected to wss://gateway.discord.gg
2023-02-28 00:34:13 | [INFO]    | Shard 0 : Received HELLO
2023-02-28 00:34:13 | [INFO]    | Shard 0 : Received READY
2023-02-28 00:35:14 | [INFO]    | Discordia 2.11.2
2023-02-28 00:35:14 | [INFO]    | Connecting to Discord...
2023-02-28 00:35:15 | [INFO]    | Authenticated as mogbot#5755
2023-02-28 00:35:15 | [INFO]    | Launching shard 0 (1 out of 1)...
2023-02-28 00:35:15 | [INFO]    | Shard 0 : Connected to wss://gateway.discord.gg
2023-02-28 00:35:15 | [INFO]    | Shard 0 : Received HELLO
2023-02-28 00:35:15 | [INFO]    | Shard 0 : Received READY
2023-02-28 00:54:57 | [INFO]    | Discordia 2.11.2
2023-02-28 00:54:57 | [INFO]    | Connecting to Discord...
2023-02-28 00:54:57 | [INFO]    | Authenticated as mogbot#5755
2023-02-28 00:54:57 | [INFO]    | Launching shard 0 (1 out of 1)...
2023-02-28 00:54:57 | [INFO]    | Shard 0 : Connected to wss://gateway.discord.gg
2023-02-28 00:54:57 | [INFO]    | Shard 0 : Received HELLO
2023-02-28 00:54:58 | [INFO]    | Shard 0 : Received READY
2023-02-28 01:18:58 | [INFO]    | Shard 0 : Disconnected
2023-02-28 01:18:58 | [INFO]    | Shard 0 : Reconnecting after 948 ms...
2023-02-28 01:18:59 | [INFO]    | Shard 0 : Connected to wss://gateway.discord.gg
2023-02-28 01:18:59 | [INFO]    | Shard 0 : Received HELLO
2023-02-28 01:18:59 | [INFO]    | Shard 0 : Received RESUMED
2023-02-28 01:21:19 | [INFO]    | Discordia 2.11.2
2023-02-28 01:21:19 | [INFO]    | Connecting to Discord...
2023-02-28 01:21:19 | [INFO]    | Authenticated as mogbot#5755
2023-02-28 01:21:19 | [INFO]    | Launching shard 0 (1 out of 1)...
2023-02-28 01:21:19 | [INFO]    | Shard 0 : Connected to wss://gateway.discord.gg
2023-02-28 01:21:19 | [INFO]    | Shard 0 : Received HELLO
2023-02-28 01:21:19 | [INFO]    | Shard 0 : Received READY
2023-02-28 01:28:25 | [INFO]    | Discordia 2.11.2
2023-02-28 01:28:25 | [INFO]    | Connecting to Discord...
2023-02-28 01:28:26 | [INFO]    | Authenticated as mogbot#5755
2023-02-28 01:28:26 | [INFO]    | Launching shard 0 (1 out of 1)...
2023-02-28 01:28:26 | [INFO]    | Shard 0 : Connected to wss://gateway.discord.gg
2023-02-28 01:28:26 | [INFO]    | Shard 0 : Received HELLO
2023-02-28 01:28:26 | [INFO]    | Shard 0 : Received READY
2023-02-28 01:29:02 | [INFO]    | Discordia 2.11.2
2023-02-28 01:29:02 | [INFO]    | Connecting to Discord...
2023-02-28 01:29:02 | [INFO]    | Authenticated as mogbot#5755
2023-02-28 01:29:02 | [INFO]    | Launching shard 0 (1 out of 1)...
2023-02-28 01:29:03 | [INFO]    | Shard 0 : Connected to wss://gateway.discord.gg
2023-02-28 01:29:03 | [INFO]    | Shard 0 : Received HELLO
2023-02-28 01:29:03 | [INFO]    | Shard 0 : Received READY
2023-02-28 01:30:58 | [INFO]    | Discordia 2.11.2
2023-02-28 01:30:58 | [INFO]    | Connecting to Discord...
2023-02-28 01:30:58 | [INFO]    | Authenticated as mogbot#5755
2023-02-28 01:30:58 | [INFO]    | Launching shard 0 (1 out of 1)...
2023-02-28 01:30:58 | [INFO]    | Shard 0 : Connected to wss://gateway.discord.gg
2023-02-28 01:30:58 | [INFO]    | Shard 0 : Received HELLO
2023-02-28 01:30:58 | [INFO]    | Shard 0 : Received READY
2023-02-28 01:34:36 | [INFO]    | Discordia 2.11.2
2023-02-28 01:34:36 | [INFO]    | Connecting to Discord...
2023-02-28 01:34:36 | [INFO]    | Authenticated as mogbot#5755
2023-02-28 01:34:36 | [INFO]    | Launching shard 0 (1 out of 1)...
2023-02-28 01:34:36 | [INFO]    | Shard 0 : Connected to wss://gateway.discord.gg
2023-02-28 01:34:36 | [INFO]    | Shard 0 : Received HELLO
2023-02-28 01:34:37 | [INFO]    | Shard 0 : Received READY
2023-02-28 01:47:57 | [INFO]    | Discordia 2.11.2
2023-02-28 01:47:57 | [INFO]    | Connecting to Discord...
2023-02-28 01:47:58 | [INFO]    | Authenticated as mogbot#5755
2023-02-28 01:47:58 | [INFO]    | Launching shard 0 (1 out of 1)...
2023-02-28 01:47:58 | [INFO]    | Shard 0 : Connected to wss://gateway.discord.gg
2023-02-28 01:47:58 | [INFO]    | Shard 0 : Received HELLO
2023-02-28 01:47:58 | [INFO]    | Shard 0 : Received READY
2023-02-28 02:05:44 | [INFO]    | Discordia 2.11.2
2023-02-28 02:05:44 | [INFO]    | Connecting to Discord...
2023-02-28 02:05:45 | [INFO]    | Authenticated as mogbot#5755
2023-02-28 02:05:45 | [INFO]    | Launching shard 0 (1 out of 1)...
2023-02-28 02:05:45 | [INFO]    | Shard 0 : Connected to wss://gateway.discord.gg
2023-02-28 02:05:45 | [INFO]    | Shard 0 : Received HELLO
2023-02-28 02:05:45 | [INFO]    | Shard 0 : Received READY
2023-02-28 02:12:07 | [INFO]    | Discordia 2.11.2
2023-02-28 02:12:07 | [INFO]    | Connecting to Discord...
2023-02-28 02:12:07 | [INFO]    | Authenticated as mogbot#5755
2023-02-28 02:12:07 | [INFO]    | Launching shard 0 (1 out of 1)...
2023-02-28 02:12:07 | [INFO]    | Shard 0 : Connected to wss://gateway.discord.gg
2023-02-28 02:12:07 | [INFO]    | Shard 0 : Received HELLO
2023-02-28 02:12:07 | [INFO]    | Shard 0 : Received READY
2023-02-28 02:45:30 | [INFO]    | Discordia 2.11.2
2023-02-28 02:45:30 | [INFO]    | Connecting to Discord...
2023-02-28 02:45:30 | [INFO]    | Authenticated as mogbot#5755
2023-02-28 02:45:30 | [INFO]    | Launching shard 0 (1 out of 1)...
2023-02-28 02:45:30 | [INFO]    | Shard 0 : Connected to wss://gateway.discord.gg
2023-02-28 02:45:30 | [INFO]    | Shard 0 : Received HELLO
2023-02-28 02:45:30 | [INFO]    | Shard 0 : Received READY
2023-02-28 03:42:52 | [INFO]    | Discordia 2.11.2
2023-02-28 03:42:52 | [INFO]    | Connecting to Discord...
2023-02-28 03:42:52 | [INFO]    | Authenticated as mogbot#5755
2023-02-28 03:42:52 | [INFO]    | Launching shard 0 (1 out of 1)...
2023-02-28 03:42:53 | [INFO]    | Shard 0 : Connected to wss://gateway.discord.gg
2023-02-28 03:42:53 | [INFO]    | Shard 0 : Received HELLO
2023-02-28 03:42:53 | [INFO]    | Shard 0 : Received READY
2023-02-28 04:21:17 | [INFO]    | Discordia 2.11.2
2023-02-28 04:21:17 | [INFO]    | Connecting to Discord...
2023-02-28 04:21:17 | [INFO]    | Authenticated as mogbot#5755
2023-02-28 04:21:17 | [INFO]    | Launching shard 0 (1 out of 1)...
2023-02-28 04:21:17 | [INFO]    | Shard 0 : Connected to wss://gateway.discord.gg
2023-02-28 04:21:17 | [INFO]    | Shard 0 : Received HELLO
2023-02-28 04:21:18 | [INFO]    | Shard 0 : Received READY
2023-02-28 04:28:36 | [INFO]    | Discordia 2.11.2
2023-02-28 04:28:36 | [INFO]    | Connecting to Discord...
2023-02-28 04:28:36 | [INFO]    | Authenticated as mogbot#5755
2023-02-28 04:28:36 | [INFO]    | Launching shard 0 (1 out of 1)...
2023-02-28 04:28:36 | [INFO]    | Shard 0 : Connected to wss://gateway.discord.gg
2023-02-28 04:28:36 | [INFO]    | Shard 0 : Received HELLO
2023-02-28 04:28:36 | [INFO]    | Shard 0 : Received READY
2023-02-28 04:30:54 | [INFO]    | Discordia 2.11.2
2023-02-28 04:30:54 | [INFO]    | Connecting to Discord...
2023-02-28 04:30:55 | [INFO]    | Authenticated as mogbot#5755
2023-02-28 04:30:55 | [INFO]    | Launching shard 0 (1 out of 1)...
2023-02-28 04:30:55 | [INFO]    | Shard 0 : Connected to wss://gateway.discord.gg
2023-02-28 04:30:55 | [INFO]    | Shard 0 : Received HELLO
2023-02-28 04:30:55 | [INFO]    | Shard 0 : Received READY
2023-02-28 04:32:12 | [INFO]    | Discordia 2.11.2
2023-02-28 04:32:12 | [INFO]    | Connecting to Discord...
2023-02-28 04:32:12 | [INFO]    | Authenticated as mogbot#5755
2023-02-28 04:32:12 | [INFO]    | Launching shard 0 (1 out of 1)...
2023-02-28 04:32:12 | [INFO]    | Shard 0 : Connected to wss://gateway.discord.gg
2023-02-28 04:32:12 | [INFO]    | Shard 0 : Received HELLO
2023-02-28 04:32:12 | [INFO]    | Shard 0 : Received READY
2023-02-28 04:35:52 | [INFO]    | Discordia 2.11.2
2023-02-28 04:35:52 | [INFO]    | Connecting to Discord...
2023-02-28 04:35:52 | [INFO]    | Authenticated as mogbot#5755
2023-02-28 04:35:52 | [INFO]    | Launching shard 0 (1 out of 1)...
2023-02-28 04:35:52 | [INFO]    | Shard 0 : Connected to wss://gateway.discord.gg
2023-02-28 04:35:52 | [INFO]    | Shard 0 : Received HELLO
2023-02-28 04:35:52 | [INFO]    | Shard 0 : Received READY
2023-02-28 04:37:17 | [INFO]    | Discordia 2.11.2
2023-02-28 04:37:17 | [INFO]    | Connecting to Discord...
2023-02-28 04:37:17 | [INFO]    | Authenticated as mogbot#5755
2023-02-28 04:37:17 | [INFO]    | Launching shard 0 (1 out of 1)...
2023-02-28 04:37:18 | [INFO]    | Shard 0 : Connected to wss://gateway.discord.gg
2023-02-28 04:37:18 | [INFO]    | Shard 0 : Received HELLO
2023-02-28 04:37:18 | [INFO]    | Shard 0 : Received READY
2023-02-28 04:39:07 | [INFO]    | Discordia 2.11.2
2023-02-28 04:39:07 | [INFO]    | Connecting to Discord...
2023-02-28 04:39:07 | [INFO]    | Authenticated as mogbot#5755
2023-02-28 04:39:07 | [INFO]    | Launching shard 0 (1 out of 1)...
2023-02-28 04:39:08 | [INFO]    | Shard 0 : Connected to wss://gateway.discord.gg
2023-02-28 04:39:08 | [INFO]    | Shard 0 : Received HELLO
2023-02-28 04:39:08 | [INFO]    | Shard 0 : Received READY
2023-02-28 04:39:48 | [INFO]    | Discordia 2.11.2
2023-02-28 04:39:48 | [INFO]    | Connecting to Discord...
2023-02-28 04:39:48 | [INFO]    | Authenticated as mogbot#5755
2023-02-28 04:39:48 | [INFO]    | Launching shard 0 (1 out of 1)...
2023-02-28 04:39:48 | [INFO]    | Shard 0 : Connected to wss://gateway.discord.gg
2023-02-28 04:39:48 | [INFO]    | Shard 0 : Received HELLO
2023-02-28 04:39:49 | [INFO]    | Shard 0 : Received READY
2023-02-28 04:47:01 | [INFO]    | Discordia 2.11.2
2023-02-28 04:47:01 | [INFO]    | Connecting to Discord...
2023-02-28 04:47:01 | [INFO]    | Authenticated as mogbot#5755
2023-02-28 04:47:02 | [INFO]    | Launching shard 0 (1 out of 1)...
2023-02-28 04:47:02 | [INFO]    | Shard 0 : Connected to wss://gateway.discord.gg
2023-02-28 04:47:02 | [INFO]    | Shard 0 : Received HELLO
2023-02-28 04:47:02 | [INFO]    | Shard 0 : Received READY
2023-02-28 04:50:36 | [INFO]    | Discordia 2.11.2
2023-02-28 04:50:36 | [INFO]    | Connecting to Discord...
2023-02-28 04:50:37 | [INFO]    | Authenticated as mogbot#5755
2023-02-28 04:50:37 | [INFO]    | Launching shard 0 (1 out of 1)...
2023-02-28 04:50:37 | [INFO]    | Shard 0 : Connected to wss://gateway.discord.gg
2023-02-28 04:50:37 | [INFO]    | Shard 0 : Received HELLO
2023-02-28 04:50:37 | [INFO]    | Shard 0 : Received READY
2023-02-28 05:02:32 | [INFO]    | Discordia 2.11.2
2023-02-28 05:02:32 | [INFO]    | Connecting to Discord...
2023-02-28 05:02:32 | [INFO]    | Authenticated as mogbot#5755
2023-02-28 05:02:32 | [INFO]    | Launching shard 0 (1 out of 1)...
2023-02-28 05:02:32 | [INFO]    | Shard 0 : Connected to wss://gateway.discord.gg
2023-02-28 05:02:32 | [INFO]    | Shard 0 : Received HELLO
2023-02-28 05:02:32 | [INFO]    | Shard 0 : Received READY
2023-02-28 05:03:36 | [INFO]    | Discordia 2.11.2
2023-02-28 05:03:36 | [INFO]    | Connecting to Discord...
2023-02-28 05:03:36 | [INFO]    | Authenticated as mogbot#5755
2023-02-28 05:03:36 | [INFO]    | Launching shard 0 (1 out of 1)...
2023-02-28 05:03:37 | [INFO]    | Shard 0 : Connected to wss://gateway.discord.gg
2023-02-28 05:03:37 | [INFO]    | Shard 0 : Received HELLO
2023-02-28 05:03:37 | [INFO]    | Shard 0 : Received READY
2023-02-28 05:34:22 | [INFO]    | Discordia 2.11.2
2023-02-28 05:34:22 | [INFO]    | Connecting to Discord...
2023-02-28 05:34:22 | [INFO]    | Authenticated as mogbot#5755
2023-02-28 05:34:22 | [INFO]    | Launching shard 0 (1 out of 1)...
2023-02-28 05:34:23 | [INFO]    | Shard 0 : Connected to wss://gateway.discord.gg
2023-02-28 05:34:23 | [INFO]    | Shard 0 : Received HELLO
2023-02-28 05:34:23 | [INFO]    | Shard 0 : Received READY
2023-02-28 11:53:12 | [INFO]    | Discordia 2.11.2
2023-02-28 11:53:12 | [INFO]    | Connecting to Discord...
2023-02-28 11:53:12 | [INFO]    | Authenticated as mogbot#5755
2023-02-28 11:53:12 | [INFO]    | Launching shard 0 (1 out of 1)...
2023-02-28 11:53:12 | [INFO]    | Shard 0 : Connected to wss://gateway.discord.gg
2023-02-28 11:53:12 | [INFO]    | Shard 0 : Received HELLO
2023-02-28 11:53:13 | [INFO]    | Shard 0 : Received READY
2023-02-28 12:58:38 | [ERROR]   | 403 - Forbidden : POST https://discord.com/api/v8/channels/344191457696940042/messages
2023-02-28 12:59:05 | [ERROR]   | 403 - Forbidden : POST https://discord.com/api/v8/channels/344191457696940042/messages
2023-02-28 13:00:15 | [INFO]    | Shard 0 : Disconnected
2023-02-28 13:00:15 | [INFO]    | Shard 0 : Reconnecting after 971 ms...
2023-02-28 13:00:16 | [INFO]    | Shard 0 : Connected to wss://gateway.discord.gg
2023-02-28 13:00:16 | [INFO]    | Shard 0 : Received HELLO
2023-02-28 13:00:17 | [INFO]    | Shard 0 : Received RESUMED
2023-02-28 13:00:17 | [ERROR]   | 403 - Forbidden : POST https://discord.com/api/v8/channels/344191457696940042/messages
2023-02-28 13:00:44 | [ERROR]   | 403 - Forbidden : POST https://discord.com/api/v8/channels/344191457696940042/messages
2023-02-28 13:16:32 | [INFO]    | Shard 0 : Disconnected
2023-02-28 13:16:32 | [INFO]    | Shard 0 : Reconnecting after 1067 ms...
2023-02-28 13:16:33 | [INFO]    | Shard 0 : Connected to wss://gateway.discord.gg
2023-02-28 13:16:33 | [INFO]    | Shard 0 : Received HELLO
2023-02-28 13:16:33 | [INFO]    | Shard 0 : Received RESUMED
2023-02-28 16:21:05 | [INFO]    | Shard 0 : Discord has requested a reconnection
2023-02-28 16:21:05 | [INFO]    | Shard 0 : Disconnected
2023-02-28 16:21:05 | [INFO]    | Shard 0 : Reconnecting...
2023-02-28 16:21:06 | [INFO]    | Shard 0 : Connected to wss://gateway.discord.gg
2023-02-28 16:21:06 | [INFO]    | Shard 0 : Received HELLO
2023-02-28 16:21:06 | [INFO]    | Shard 0 : Received RESUMED
2023-02-28 17:54:52 | [INFO]    | Shard 0 : Disconnected
2023-02-28 17:54:52 | [INFO]    | Shard 0 : Reconnecting after 1017 ms...
2023-02-28 17:54:53 | [INFO]    | Shard 0 : Connected to wss://gateway.discord.gg
2023-02-28 17:54:53 | [INFO]    | Shard 0 : Received HELLO
2023-02-28 17:54:53 | [INFO]    | Shard 0 : Received RESUMED
2023-02-28 18:19:03 | [INFO]    | Shard 0 : Discord has requested a reconnection
2023-02-28 18:19:03 | [INFO]    | Shard 0 : Disconnected
2023-02-28 18:19:03 | [INFO]    | Shard 0 : Reconnecting...
2023-02-28 18:19:03 | [INFO]    | Shard 0 : Connected to wss://gateway.discord.gg
2023-02-28 18:19:03 | [INFO]    | Shard 0 : Received HELLO
2023-02-28 18:19:03 | [INFO]    | Shard 0 : Received RESUMED
2023-02-28 20:28:12 | [INFO]    | Discordia 2.11.2
2023-02-28 20:28:12 | [INFO]    | Connecting to Discord...
2023-02-28 20:28:13 | [INFO]    | Authenticated as mogbot#5755
2023-02-28 20:28:13 | [INFO]    | Launching shard 0 (1 out of 1)...
2023-02-28 20:28:13 | [INFO]    | Shard 0 : Connected to wss://gateway.discord.gg
2023-02-28 20:28:13 | [INFO]    | Shard 0 : Received HELLO
2023-02-28 20:28:14 | [INFO]    | Shard 0 : Received READY
2023-02-28 20:28:43 | [INFO]    | Discordia 2.11.2
2023-02-28 20:28:43 | [INFO]    | Connecting to Discord...
2023-02-28 20:28:43 | [INFO]    | Authenticated as mogbot#5755
2023-02-28 20:28:43 | [INFO]    | Launching shard 0 (1 out of 1)...
2023-02-28 20:28:43 | [INFO]    | Shard 0 : Connected to wss://gateway.discord.gg
2023-02-28 20:28:43 | [INFO]    | Shard 0 : Received HELLO
2023-02-28 20:28:44 | [INFO]    | Shard 0 : Received READY
2023-02-28 20:31:33 | [INFO]    | Discordia 2.11.2
2023-02-28 20:31:33 | [INFO]    | Connecting to Discord...
2023-02-28 20:31:34 | [INFO]    | Authenticated as mogbot#5755
2023-02-28 20:31:34 | [INFO]    | Launching shard 0 (1 out of 1)...
2023-02-28 20:31:34 | [INFO]    | Shard 0 : Connected to wss://gateway.discord.gg
2023-02-28 20:31:34 | [INFO]    | Shard 0 : Received HELLO
2023-02-28 20:31:34 | [INFO]    | Shard 0 : Received READY
2023-02-28 20:38:41 | [INFO]    | Discordia 2.11.2
2023-02-28 20:38:41 | [INFO]    | Connecting to Discord...
2023-02-28 20:38:41 | [INFO]    | Authenticated as mogbot#5755
2023-02-28 20:38:41 | [INFO]    | Launching shard 0 (1 out of 1)...
2023-02-28 20:38:41 | [INFO]    | Shard 0 : Connected to wss://gateway.discord.gg
2023-02-28 20:38:41 | [INFO]    | Shard 0 : Received HELLO
2023-02-28 20:38:42 | [INFO]    | Shard 0 : Received READY
2023-02-28 20:43:55 | [INFO]    | Discordia 2.11.2
2023-02-28 20:43:55 | [INFO]    | Connecting to Discord...
2023-02-28 20:43:55 | [INFO]    | Authenticated as mogbot#5755
2023-02-28 20:43:55 | [INFO]    | Launching shard 0 (1 out of 1)...
2023-02-28 20:43:56 | [INFO]    | Shard 0 : Connected to wss://gateway.discord.gg
2023-02-28 20:43:56 | [INFO]    | Shard 0 : Received HELLO
2023-02-28 20:43:56 | [INFO]    | Shard 0 : Received READY
2023-02-28 21:15:19 | [INFO]    | Discordia 2.11.2
2023-02-28 21:15:19 | [INFO]    | Connecting to Discord...
2023-02-28 21:15:20 | [INFO]    | Authenticated as mogbot#5755
2023-02-28 21:15:20 | [INFO]    | Launching shard 0 (1 out of 1)...
2023-02-28 21:15:20 | [INFO]    | Shard 0 : Connected to wss://gateway.discord.gg
2023-02-28 21:15:20 | [INFO]    | Shard 0 : Received HELLO
2023-02-28 21:15:20 | [INFO]    | Shard 0 : Received READY
2023-02-28 21:16:05 | [INFO]    | Discordia 2.11.2
2023-02-28 21:16:05 | [INFO]    | Connecting to Discord...
2023-02-28 21:16:05 | [INFO]    | Authenticated as mogbot#5755
2023-02-28 21:16:05 | [INFO]    | Launching shard 0 (1 out of 1)...
2023-02-28 21:16:05 | [INFO]    | Shard 0 : Connected to wss://gateway.discord.gg
2023-02-28 21:16:05 | [INFO]    | Shard 0 : Received HELLO
2023-02-28 21:16:06 | [INFO]    | Shard 0 : Received READY
2023-02-28 21:16:38 | [INFO]    | Discordia 2.11.2
2023-02-28 21:16:38 | [INFO]    | Connecting to Discord...
2023-02-28 21:16:38 | [INFO]    | Authenticated as mogbot#5755
2023-02-28 21:16:38 | [INFO]    | Launching shard 0 (1 out of 1)...
2023-02-28 21:16:38 | [INFO]    | Shard 0 : Connected to wss://gateway.discord.gg
2023-02-28 21:16:38 | [INFO]    | Shard 0 : Received HELLO
2023-02-28 21:16:39 | [INFO]    | Shard 0 : Received READY
2023-02-28 21:17:35 | [INFO]    | Discordia 2.11.2
2023-02-28 21:17:35 | [INFO]    | Connecting to Discord...
2023-02-28 21:17:35 | [INFO]    | Authenticated as mogbot#5755
2023-02-28 21:17:35 | [INFO]    | Launching shard 0 (1 out of 1)...
2023-02-28 21:17:35 | [INFO]    | Shard 0 : Connected to wss://gateway.discord.gg
2023-02-28 21:17:35 | [INFO]    | Shard 0 : Received HELLO
2023-02-28 21:17:36 | [INFO]    | Shard 0 : Received READY
2023-02-28 21:18:39 | [INFO]    | Discordia 2.11.2
2023-02-28 21:18:39 | [INFO]    | Connecting to Discord...
2023-02-28 21:18:40 | [INFO]    | Authenticated as mogbot#5755
2023-02-28 21:18:40 | [INFO]    | Launching shard 0 (1 out of 1)...
2023-02-28 21:18:40 | [INFO]    | Shard 0 : Connected to wss://gateway.discord.gg
2023-02-28 21:18:40 | [INFO]    | Shard 0 : Received HELLO
2023-02-28 21:18:40 | [INFO]    | Shard 0 : Received READY
2023-02-28 21:24:54 | [INFO]    | Discordia 2.11.2
2023-02-28 21:24:54 | [INFO]    | Connecting to Discord...
2023-02-28 21:24:55 | [INFO]    | Authenticated as mogbot#5755
2023-02-28 21:24:55 | [INFO]    | Launching shard 0 (1 out of 1)...
2023-02-28 21:24:55 | [INFO]    | Shard 0 : Connected to wss://gateway.discord.gg
2023-02-28 21:24:55 | [INFO]    | Shard 0 : Received HELLO
2023-02-28 21:24:55 | [INFO]    | Shard 0 : Received READY
2023-02-28 21:31:13 | [INFO]    | Discordia 2.11.2
2023-02-28 21:31:13 | [INFO]    | Connecting to Discord...
2023-02-28 21:31:13 | [INFO]    | Authenticated as mogbot#5755
2023-02-28 21:31:14 | [INFO]    | Launching shard 0 (1 out of 1)...
2023-02-28 21:31:15 | [INFO]    | Shard 0 : Connected to wss://gateway.discord.gg
2023-02-28 21:31:15 | [INFO]    | Shard 0 : Received HELLO
2023-02-28 21:31:15 | [INFO]    | Shard 0 : Received READY
2023-02-28 21:44:24 | [INFO]    | Discordia 2.11.2
2023-02-28 21:44:24 | [INFO]    | Connecting to Discord...
2023-02-28 21:44:25 | [INFO]    | Authenticated as mogbot#5755
2023-02-28 21:44:25 | [INFO]    | Launching shard 0 (1 out of 1)...
2023-02-28 21:44:25 | [INFO]    | Shard 0 : Connected to wss://gateway.discord.gg
2023-02-28 21:44:25 | [INFO]    | Shard 0 : Received HELLO
2023-02-28 21:44:25 | [INFO]    | Shard 0 : Received READY
2023-02-28 21:44:49 | [INFO]    | Discordia 2.11.2
2023-02-28 21:44:49 | [INFO]    | Connecting to Discord...
2023-02-28 21:44:49 | [INFO]    | Authenticated as mogbot#5755
2023-02-28 21:44:49 | [INFO]    | Launching shard 0 (1 out of 1)...
2023-02-28 21:44:50 | [INFO]    | Shard 0 : Connected to wss://gateway.discord.gg
2023-02-28 21:44:50 | [INFO]    | Shard 0 : Received HELLO
2023-02-28 21:44:50 | [INFO]    | Shard 0 : Received READY
2023-02-28 21:59:09 | [INFO]    | Discordia 2.11.2
2023-02-28 21:59:09 | [INFO]    | Connecting to Discord...
2023-02-28 21:59:09 | [INFO]    | Authenticated as mogbot#5755
2023-02-28 21:59:09 | [INFO]    | Launching shard 0 (1 out of 1)...
2023-02-28 21:59:09 | [INFO]    | Shard 0 : Connected to wss://gateway.discord.gg
2023-02-28 21:59:09 | [INFO]    | Shard 0 : Received HELLO
2023-02-28 21:59:09 | [INFO]    | Shard 0 : Received READY
2023-02-28 22:02:47 | [INFO]    | Discordia 2.11.2
2023-02-28 22:02:47 | [INFO]    | Connecting to Discord...
2023-02-28 22:02:47 | [INFO]    | Authenticated as mogbot#5755
2023-02-28 22:02:47 | [INFO]    | Launching shard 0 (1 out of 1)...
2023-02-28 22:02:47 | [INFO]    | Shard 0 : Connected to wss://gateway.discord.gg
2023-02-28 22:02:47 | [INFO]    | Shard 0 : Received HELLO
2023-02-28 22:02:47 | [INFO]    | Shard 0 : Received READY
2023-03-01 13:06:38 | [INFO]    | Discordia 2.11.2
2023-03-01 13:06:38 | [INFO]    | Connecting to Discord...
2023-03-01 13:06:38 | [INFO]    | Authenticated as mogbot#5755
2023-03-01 13:06:39 | [INFO]    | Launching shard 0 (1 out of 1)...
2023-03-01 13:06:39 | [INFO]    | Shard 0 : Connected to wss://gateway.discord.gg
2023-03-01 13:06:39 | [INFO]    | Shard 0 : Received HELLO
2023-03-01 13:06:39 | [INFO]    | Shard 0 : Received READY
2023-03-01 13:22:32 | [INFO]    | Discordia 2.11.2
2023-03-01 13:22:32 | [INFO]    | Connecting to Discord...
2023-03-01 13:22:32 | [INFO]    | Authenticated as mogbot#5755
2023-03-01 13:22:32 | [INFO]    | Launching shard 0 (1 out of 1)...
2023-03-01 13:22:32 | [INFO]    | Shard 0 : Connected to wss://gateway.discord.gg
2023-03-01 13:22:32 | [INFO]    | Shard 0 : Received HELLO
2023-03-01 13:22:33 | [INFO]    | Shard 0 : Received READY
2023-03-01 14:35:26 | [INFO]    | Discordia 2.11.2
2023-03-01 14:35:26 | [INFO]    | Connecting to Discord...
2023-03-01 14:35:26 | [INFO]    | Authenticated as mogbot#5755
2023-03-01 14:35:26 | [INFO]    | Launching shard 0 (1 out of 1)...
2023-03-01 14:35:26 | [INFO]    | Shard 0 : Connected to wss://gateway.discord.gg
2023-03-01 14:35:26 | [INFO]    | Shard 0 : Received HELLO
2023-03-01 14:35:27 | [INFO]    | Shard 0 : Received READY
2023-03-01 14:37:37 | [INFO]    | Discordia 2.11.2
2023-03-01 14:37:37 | [INFO]    | Connecting to Discord...
2023-03-01 14:37:37 | [INFO]    | Authenticated as mogbot#5755
2023-03-01 14:37:37 | [INFO]    | Launching shard 0 (1 out of 1)...
2023-03-01 14:37:38 | [INFO]    | Shard 0 : Connected to wss://gateway.discord.gg
2023-03-01 14:37:38 | [INFO]    | Shard 0 : Received HELLO
2023-03-01 14:37:38 | [INFO]    | Shard 0 : Received READY
2023-03-01 14:41:01 | [INFO]    | Discordia 2.11.2
2023-03-01 14:41:01 | [INFO]    | Connecting to Discord...
2023-03-01 14:41:01 | [INFO]    | Authenticated as mogbot#5755
2023-03-01 14:41:01 | [INFO]    | Launching shard 0 (1 out of 1)...
2023-03-01 14:41:01 | [INFO]    | Shard 0 : Connected to wss://gateway.discord.gg
2023-03-01 14:41:01 | [INFO]    | Shard 0 : Received HELLO
2023-03-01 14:41:02 | [INFO]    | Shard 0 : Received READY
2023-03-01 14:47:24 | [INFO]    | Discordia 2.11.2
2023-03-01 14:47:24 | [INFO]    | Connecting to Discord...
2023-03-01 14:47:24 | [INFO]    | Authenticated as mogbot#5755
2023-03-01 14:47:24 | [INFO]    | Launching shard 0 (1 out of 1)...
2023-03-01 14:47:24 | [INFO]    | Shard 0 : Connected to wss://gateway.discord.gg
2023-03-01 14:47:24 | [INFO]    | Shard 0 : Received HELLO
2023-03-01 14:47:24 | [INFO]    | Shard 0 : Received READY
2023-03-01 14:48:45 | [INFO]    | Discordia 2.11.2
2023-03-01 14:48:45 | [INFO]    | Connecting to Discord...
2023-03-01 14:48:45 | [INFO]    | Authenticated as mogbot#5755
2023-03-01 14:48:45 | [INFO]    | Launching shard 0 (1 out of 1)...
2023-03-01 14:48:46 | [INFO]    | Shard 0 : Connected to wss://gateway.discord.gg
2023-03-01 14:48:46 | [INFO]    | Shard 0 : Received HELLO
2023-03-01 14:48:46 | [INFO]    | Shard 0 : Received READY
2023-03-01 14:52:21 | [INFO]    | Discordia 2.11.2
2023-03-01 14:52:21 | [INFO]    | Connecting to Discord...
2023-03-01 14:52:21 | [INFO]    | Authenticated as mogbot#5755
2023-03-01 14:52:21 | [INFO]    | Launching shard 0 (1 out of 1)...
2023-03-01 14:52:21 | [INFO]    | Shard 0 : Connected to wss://gateway.discord.gg
2023-03-01 14:52:21 | [INFO]    | Shard 0 : Received HELLO
2023-03-01 14:52:21 | [INFO]    | Shard 0 : Received READY
2023-03-01 14:53:01 | [INFO]    | Discordia 2.11.2
2023-03-01 14:53:01 | [INFO]    | Connecting to Discord...
2023-03-01 14:53:02 | [INFO]    | Authenticated as mogbot#5755
2023-03-01 14:53:02 | [INFO]    | Launching shard 0 (1 out of 1)...
2023-03-01 14:53:02 | [INFO]    | Shard 0 : Connected to wss://gateway.discord.gg
2023-03-01 14:53:02 | [INFO]    | Shard 0 : Received HELLO
2023-03-01 14:53:02 | [INFO]    | Shard 0 : Received READY
2023-03-01 14:53:10 | [ERROR]   | 403 - Forbidden : POST https://discord.com/api/v8/channels/344191457696940042/messages
2023-03-01 15:09:41 | [INFO]    | Discordia 2.11.2
2023-03-01 15:09:41 | [INFO]    | Connecting to Discord...
2023-03-01 15:09:41 | [INFO]    | Authenticated as mogbot#5755
2023-03-01 15:09:41 | [INFO]    | Launching shard 0 (1 out of 1)...
2023-03-01 15:09:41 | [INFO]    | Shard 0 : Connected to wss://gateway.discord.gg
2023-03-01 15:09:41 | [INFO]    | Shard 0 : Received HELLO
2023-03-01 15:09:42 | [INFO]    | Shard 0 : Received READY
2023-03-01 15:10:27 | [INFO]    | Discordia 2.11.2
2023-03-01 15:10:27 | [INFO]    | Connecting to Discord...
2023-03-01 15:10:27 | [INFO]    | Authenticated as mogbot#5755
2023-03-01 15:10:27 | [INFO]    | Launching shard 0 (1 out of 1)...
2023-03-01 15:10:27 | [INFO]    | Shard 0 : Connected to wss://gateway.discord.gg
2023-03-01 15:10:27 | [INFO]    | Shard 0 : Received HELLO
2023-03-01 15:10:28 | [INFO]    | Shard 0 : Received READY
2023-03-01 15:21:25 | [INFO]    | Discordia 2.11.2
2023-03-01 15:21:25 | [INFO]    | Connecting to Discord...
2023-03-01 15:21:26 | [INFO]    | Authenticated as mogbot#5755
2023-03-01 15:21:26 | [INFO]    | Launching shard 0 (1 out of 1)...
2023-03-01 15:21:26 | [INFO]    | Shard 0 : Connected to wss://gateway.discord.gg
2023-03-01 15:21:26 | [INFO]    | Shard 0 : Received HELLO
2023-03-01 15:21:26 | [INFO]    | Shard 0 : Received READY
2023-03-01 15:33:33 | [INFO]    | Discordia 2.11.2
2023-03-01 15:33:33 | [INFO]    | Connecting to Discord...
2023-03-01 15:33:34 | [INFO]    | Authenticated as mogbot#5755
2023-03-01 15:33:34 | [INFO]    | Launching shard 0 (1 out of 1)...
2023-03-01 15:33:34 | [INFO]    | Shard 0 : Connected to wss://gateway.discord.gg
2023-03-01 15:33:34 | [INFO]    | Shard 0 : Received HELLO
2023-03-01 15:33:34 | [INFO]    | Shard 0 : Received READY
2023-03-01 15:36:09 | [INFO]    | Discordia 2.11.2
2023-03-01 15:36:09 | [INFO]    | Connecting to Discord...
2023-03-01 15:36:09 | [INFO]    | Authenticated as mogbot#5755
2023-03-01 15:36:10 | [INFO]    | Launching shard 0 (1 out of 1)...
2023-03-01 15:36:10 | [INFO]    | Shard 0 : Connected to wss://gateway.discord.gg
2023-03-01 15:36:10 | [INFO]    | Shard 0 : Received HELLO
2023-03-01 15:36:10 | [INFO]    | Shard 0 : Received READY
2023-03-01 15:40:48 | [INFO]    | Discordia 2.11.2
2023-03-01 15:40:48 | [INFO]    | Connecting to Discord...
2023-03-01 15:40:49 | [INFO]    | Authenticated as mogbot#5755
2023-03-01 15:40:49 | [INFO]    | Launching shard 0 (1 out of 1)...
2023-03-01 15:40:49 | [INFO]    | Shard 0 : Connected to wss://gateway.discord.gg
2023-03-01 15:40:49 | [INFO]    | Shard 0 : Received HELLO
2023-03-01 15:40:49 | [INFO]    | Shard 0 : Received READY
2023-03-01 15:47:27 | [INFO]    | Discordia 2.11.2
2023-03-01 15:47:27 | [INFO]    | Connecting to Discord...
2023-03-01 15:47:27 | [INFO]    | Authenticated as mogbot#5755
2023-03-01 15:47:27 | [INFO]    | Launching shard 0 (1 out of 1)...
2023-03-01 15:47:27 | [INFO]    | Shard 0 : Connected to wss://gateway.discord.gg
2023-03-01 15:47:27 | [INFO]    | Shard 0 : Received HELLO
2023-03-01 15:47:27 | [INFO]    | Shard 0 : Received READY
2023-03-01 15:53:57 | [INFO]    | Discordia 2.11.2
2023-03-01 15:53:57 | [INFO]    | Connecting to Discord...
2023-03-01 15:53:57 | [INFO]    | Authenticated as mogbot#5755
2023-03-01 15:53:57 | [INFO]    | Launching shard 0 (1 out of 1)...
2023-03-01 15:53:58 | [INFO]    | Shard 0 : Connected to wss://gateway.discord.gg
2023-03-01 15:53:58 | [INFO]    | Shard 0 : Received HELLO
2023-03-01 15:53:58 | [INFO]    | Shard 0 : Received READY
2023-03-01 15:54:18 | [ERROR]   | 404 - Not Found : GET https://discord.com/api/v8/guilds/1079983274195165244/members/328026599599374336
2023-03-01 16:01:01 | [INFO]    | Discordia 2.11.2
2023-03-01 16:01:01 | [INFO]    | Connecting to Discord...
2023-03-01 16:01:02 | [INFO]    | Authenticated as mogbot#5755
2023-03-01 16:01:02 | [INFO]    | Launching shard 0 (1 out of 1)...
2023-03-01 16:01:02 | [INFO]    | Shard 0 : Connected to wss://gateway.discord.gg
2023-03-01 16:01:02 | [INFO]    | Shard 0 : Received HELLO
2023-03-01 16:01:02 | [INFO]    | Shard 0 : Received READY
2023-03-01 16:02:48 | [INFO]    | Discordia 2.11.2
2023-03-01 16:02:48 | [INFO]    | Connecting to Discord...
2023-03-01 16:02:48 | [INFO]    | Authenticated as mogbot#5755
2023-03-01 16:02:48 | [INFO]    | Launching shard 0 (1 out of 1)...
2023-03-01 16:02:48 | [INFO]    | Shard 0 : Connected to wss://gateway.discord.gg
2023-03-01 16:02:48 | [INFO]    | Shard 0 : Received HELLO
2023-03-01 16:02:49 | [INFO]    | Shard 0 : Received READY
2023-03-01 16:03:35 | [ERROR]   | 404 - Not Found : GET https://discord.com/api/v8/guilds/1079983274195165244/members/328026599599374336
2023-03-01 16:18:42 | [INFO]    | Discordia 2.11.2
2023-03-01 16:18:42 | [INFO]    | Connecting to Discord...
2023-03-01 16:18:42 | [INFO]    | Authenticated as mogbot#5755
2023-03-01 16:18:42 | [INFO]    | Launching shard 0 (1 out of 1)...
2023-03-01 16:18:43 | [INFO]    | Shard 0 : Connected to wss://gateway.discord.gg
2023-03-01 16:18:43 | [INFO]    | Shard 0 : Received HELLO
2023-03-01 16:18:43 | [INFO]    | Shard 0 : Received READY
2023-03-01 16:19:08 | [INFO]    | Discordia 2.11.2
2023-03-01 16:19:08 | [INFO]    | Connecting to Discord...
2023-03-01 16:19:09 | [INFO]    | Authenticated as mogbot#5755
2023-03-01 16:19:09 | [INFO]    | Launching shard 0 (1 out of 1)...
2023-03-01 16:19:09 | [INFO]    | Shard 0 : Connected to wss://gateway.discord.gg
2023-03-01 16:19:09 | [INFO]    | Shard 0 : Received HELLO
2023-03-01 16:19:09 | [INFO]    | Shard 0 : Received READY
2023-03-01 16:20:51 | [ERROR]   | 404 - Not Found : GET https://discord.com/api/v8/guilds/1080570167651749978/members/328026599599374336
2023-03-01 16:31:46 | [INFO]    | Discordia 2.11.2
2023-03-01 16:31:46 | [INFO]    | Connecting to Discord...
2023-03-01 16:31:46 | [INFO]    | Authenticated as mogbot#5755
2023-03-01 16:31:46 | [INFO]    | Launching shard 0 (1 out of 1)...
2023-03-01 16:31:46 | [INFO]    | Shard 0 : Connected to wss://gateway.discord.gg
2023-03-01 16:31:46 | [INFO]    | Shard 0 : Received HELLO
2023-03-01 16:31:46 | [INFO]    | Shard 0 : Received READY
2023-03-01 16:32:26 | [ERROR]   | 404 - Not Found : GET https://discord.com/api/v8/guilds/1080570167651749978/members/328026599599374336
2023-03-01 16:34:33 | [INFO]    | Discordia 2.11.2
2023-03-01 16:34:33 | [INFO]    | Connecting to Discord...
2023-03-01 16:34:33 | [INFO]    | Authenticated as mogbot#5755
2023-03-01 16:34:33 | [INFO]    | Launching shard 0 (1 out of 1)...
2023-03-01 16:34:33 | [INFO]    | Shard 0 : Connected to wss://gateway.discord.gg
2023-03-01 16:34:33 | [INFO]    | Shard 0 : Received HELLO
2023-03-01 16:34:33 | [INFO]    | Shard 0 : Received READY
2023-03-01 16:34:38 | [ERROR]   | 404 - Not Found : GET https://discord.com/api/v8/guilds/1080570167651749978/members/328026599599374336
2023-03-01 16:49:49 | [INFO]    | Discordia 2.11.2
2023-03-01 16:49:49 | [INFO]    | Connecting to Discord...
2023-03-01 16:49:49 | [INFO]    | Authenticated as mogbot#5755
2023-03-01 16:49:49 | [INFO]    | Launching shard 0 (1 out of 1)...
2023-03-01 16:49:49 | [INFO]    | Shard 0 : Connected to wss://gateway.discord.gg
2023-03-01 16:49:49 | [INFO]    | Shard 0 : Received HELLO
2023-03-01 16:49:50 | [INFO]    | Shard 0 : Received READY
2023-03-01 16:50:11 | [ERROR]   | 404 - Not Found : GET https://discord.com/api/v8/guilds/1080570167651749978/members/328026599599374336
2023-03-01 16:52:40 | [INFO]    | Discordia 2.11.2
2023-03-01 16:52:40 | [INFO]    | Connecting to Discord...
2023-03-01 16:52:40 | [INFO]    | Authenticated as mogbot#5755
2023-03-01 16:52:40 | [INFO]    | Launching shard 0 (1 out of 1)...
2023-03-01 16:52:41 | [INFO]    | Shard 0 : Connected to wss://gateway.discord.gg
2023-03-01 16:52:41 | [INFO]    | Shard 0 : Received HELLO
2023-03-01 16:52:41 | [INFO]    | Shard 0 : Received READY
2023-03-01 16:52:48 | [ERROR]   | 404 - Not Found : GET https://discord.com/api/v8/guilds/1080570167651749978/members/328026599599374336
2023-03-01 16:57:40 | [INFO]    | Discordia 2.11.2
2023-03-01 16:57:40 | [INFO]    | Connecting to Discord...
2023-03-01 16:57:40 | [INFO]    | Authenticated as mogbot#5755
2023-03-01 16:57:40 | [INFO]    | Launching shard 0 (1 out of 1)...
2023-03-01 16:57:41 | [INFO]    | Shard 0 : Connected to wss://gateway.discord.gg
2023-03-01 16:57:41 | [INFO]    | Shard 0 : Received HELLO
2023-03-01 16:57:41 | [INFO]    | Shard 0 : Received READY
2023-03-01 16:57:48 | [ERROR]   | 404 - Not Found : GET https://discord.com/api/v8/guilds/1080570167651749978/members/328026599599374336
2023-03-01 16:57:57 | [ERROR]   | 404 - Not Found : GET https://discord.com/api/v8/guilds/1080570167651749978/members/328026599599374336
2023-03-01 16:58:08 | [ERROR]   | 404 - Not Found : GET https://discord.com/api/v8/guilds/1080570167651749978/members/328026599599374336
2023-03-01 16:58:12 | [ERROR]   | 404 - Not Found : GET https://discord.com/api/v8/guilds/1080570167651749978/members/328026599599374336
2023-03-01 16:59:12 | [INFO]    | Discordia 2.11.2
2023-03-01 16:59:12 | [INFO]    | Connecting to Discord...
2023-03-01 16:59:12 | [INFO]    | Authenticated as mogbot#5755
2023-03-01 16:59:12 | [INFO]    | Launching shard 0 (1 out of 1)...
2023-03-01 16:59:13 | [INFO]    | Shard 0 : Connected to wss://gateway.discord.gg
2023-03-01 16:59:13 | [INFO]    | Shard 0 : Received HELLO
2023-03-01 16:59:13 | [INFO]    | Shard 0 : Received READY
2023-03-01 16:59:17 | [ERROR]   | 404 - Not Found : GET https://discord.com/api/v8/guilds/1080570167651749978/members/328026599599374336
2023-03-01 20:03:21 | [INFO]    | Discordia 2.11.2
2023-03-01 20:03:21 | [INFO]    | Connecting to Discord...
2023-03-01 20:03:21 | [INFO]    | Authenticated as mogbot#5755
2023-03-01 20:03:22 | [INFO]    | Launching shard 0 (1 out of 1)...
2023-03-01 20:03:22 | [INFO]    | Shard 0 : Connected to wss://gateway.discord.gg
2023-03-01 20:03:22 | [INFO]    | Shard 0 : Received HELLO
2023-03-01 20:03:22 | [INFO]    | Shard 0 : Received READY
2023-03-01 20:03:42 | [ERROR]   | 403 - Forbidden : POST https://discord.com/api/v8/channels/344191457696940042/messages
2023-03-01 20:04:48 | [ERROR]   | 403 - Forbidden : POST https://discord.com/api/v8/channels/344191457696940042/messages
2023-03-01 22:13:24 | [INFO]    | Shard 0 : Discord has requested a reconnection
2023-03-01 22:13:24 | [INFO]    | Shard 0 : Disconnected
2023-03-01 22:13:24 | [INFO]    | Shard 0 : Reconnecting...
2023-03-01 22:13:24 | [INFO]    | Shard 0 : Connected to wss://gateway.discord.gg
2023-03-01 22:13:24 | [INFO]    | Shard 0 : Received HELLO
2023-03-01 22:13:25 | [INFO]    | Shard 0 : Received RESUMED
2023-03-02 21:33:54 | [INFO]    | Discordia 2.11.2
2023-03-02 21:33:54 | [INFO]    | Connecting to Discord...
2023-03-02 21:33:54 | [INFO]    | Authenticated as mogbot#5755
2023-03-02 21:33:55 | [INFO]    | Launching shard 0 (1 out of 1)...
2023-03-02 21:33:55 | [INFO]    | Shard 0 : Connected to wss://gateway.discord.gg
2023-03-02 21:33:55 | [INFO]    | Shard 0 : Received HELLO
2023-03-02 21:33:55 | [INFO]    | Shard 0 : Received READY
2023-03-02 22:03:20 | [INFO]    | Shard 0 : Discord has requested a reconnection
2023-03-02 22:03:20 | [INFO]    | Shard 0 : Disconnected
2023-03-02 22:03:20 | [INFO]    | Shard 0 : Reconnecting...
2023-03-02 22:03:21 | [INFO]    | Shard 0 : Connected to wss://gateway.discord.gg
2023-03-02 22:03:21 | [INFO]    | Shard 0 : Received HELLO
2023-03-02 22:03:21 | [INFO]    | Shard 0 : Received RESUMED
2023-03-03 17:31:30 | [INFO]    | Discordia 2.11.2
2023-03-03 17:31:30 | [INFO]    | Connecting to Discord...
2023-03-03 17:31:30 | [INFO]    | Authenticated as mogbot#5755
2023-03-03 17:31:31 | [INFO]    | Launching shard 0 (1 out of 1)...
2023-03-03 17:31:31 | [INFO]    | Shard 0 : Connected to wss://gateway.discord.gg
2023-03-03 17:31:31 | [INFO]    | Shard 0 : Received HELLO
2023-03-03 17:31:31 | [INFO]    | Shard 0 : Received READY
2023-03-03 17:46:03 | [INFO]    | Discordia 2.11.2
2023-03-03 17:46:03 | [INFO]    | Connecting to Discord...
2023-03-03 17:46:04 | [INFO]    | Authenticated as mogbot#5755
2023-03-03 17:46:04 | [INFO]    | Launching shard 0 (1 out of 1)...
2023-03-03 17:46:04 | [INFO]    | Shard 0 : Connected to wss://gateway.discord.gg
2023-03-03 17:46:04 | [INFO]    | Shard 0 : Received HELLO
2023-03-03 17:46:04 | [INFO]    | Shard 0 : Received READY
2023-03-03 17:49:41 | [INFO]    | Discordia 2.11.2
2023-03-03 17:49:41 | [INFO]    | Connecting to Discord...
2023-03-03 17:49:41 | [INFO]    | Authenticated as mogbot#5755
2023-03-03 17:49:41 | [INFO]    | Launching shard 0 (1 out of 1)...
2023-03-03 17:49:41 | [INFO]    | Shard 0 : Connected to wss://gateway.discord.gg
2023-03-03 17:49:41 | [INFO]    | Shard 0 : Received HELLO
2023-03-03 17:49:41 | [INFO]    | Shard 0 : Received READY
2023-03-03 19:04:32 | [INFO]    | Shard 0 : Disconnected
2023-03-03 19:04:32 | [INFO]    | Shard 0 : Reconnecting after 1043 ms...
2023-03-03 19:04:33 | [INFO]    | Shard 0 : Connected to wss://gateway.discord.gg
2023-03-03 19:04:33 | [INFO]    | Shard 0 : Received HELLO
2023-03-03 19:04:33 | [INFO]    | Shard 0 : Received RESUMED
2023-03-03 22:06:17 | [INFO]    | Discordia 2.11.2
2023-03-03 22:06:17 | [INFO]    | Connecting to Discord...
2023-03-03 22:06:17 | [INFO]    | Authenticated as mogbot#5755
2023-03-03 22:06:17 | [INFO]    | Launching shard 0 (1 out of 1)...
2023-03-03 22:06:17 | [INFO]    | Shard 0 : Connected to wss://gateway.discord.gg
2023-03-03 22:06:17 | [INFO]    | Shard 0 : Received HELLO
2023-03-03 22:06:18 | [INFO]    | Shard 0 : Received READY
2023-03-03 22:07:44 | [INFO]    | Discordia 2.11.2
2023-03-03 22:07:44 | [INFO]    | Connecting to Discord...
2023-03-03 22:07:45 | [INFO]    | Authenticated as mogbot#5755
2023-03-03 22:07:45 | [INFO]    | Launching shard 0 (1 out of 1)...
2023-03-03 22:07:45 | [INFO]    | Shard 0 : Connected to wss://gateway.discord.gg
2023-03-03 22:07:45 | [INFO]    | Shard 0 : Received HELLO
2023-03-03 22:07:45 | [INFO]    | Shard 0 : Received READY
2023-03-04 23:05:17 | [INFO]    | Discordia 2.11.2
2023-03-04 23:05:17 | [INFO]    | Connecting to Discord...
2023-03-04 23:05:17 | [INFO]    | Authenticated as mogbot#5755
2023-03-04 23:05:18 | [INFO]    | Launching shard 0 (1 out of 1)...
2023-03-04 23:05:18 | [INFO]    | Shard 0 : Connected to wss://gateway.discord.gg
2023-03-04 23:05:18 | [INFO]    | Shard 0 : Received HELLO
2023-03-04 23:05:18 | [INFO]    | Shard 0 : Received READY
2023-03-04 23:27:10 | [INFO]    | Shard 0 : Discord has requested a reconnection
2023-03-04 23:27:10 | [INFO]    | Shard 0 : Disconnected
2023-03-04 23:27:10 | [INFO]    | Shard 0 : Reconnecting...
2023-03-04 23:27:10 | [INFO]    | Shard 0 : Connected to wss://gateway.discord.gg
2023-03-04 23:27:10 | [INFO]    | Shard 0 : Received HELLO
2023-03-04 23:27:10 | [INFO]    | Shard 0 : Received RESUMED
2023-03-20 20:16:40 | [INFO]    | Discordia 2.11.2
2023-03-20 20:16:40 | [INFO]    | Connecting to Discord...
2023-03-20 20:16:41 | [INFO]    | Authenticated as mogbot#5755
2023-03-20 20:16:41 | [INFO]    | Launching shard 0 (1 out of 1)...
2023-03-20 20:16:41 | [INFO]    | Shard 0 : Connected to wss://gateway.discord.gg
2023-03-20 20:16:41 | [INFO]    | Shard 0 : Received HELLO
2023-03-20 20:16:41 | [INFO]    | Shard 0 : Received READY
2023-03-21 00:17:59 | [INFO]    | Discordia 2.11.2
2023-03-21 00:17:59 | [INFO]    | Connecting to Discord...
2023-03-21 00:17:59 | [INFO]    | Authenticated as mogbot#5755
2023-03-21 00:18:00 | [INFO]    | Launching shard 0 (1 out of 1)...
2023-03-21 00:18:00 | [INFO]    | Shard 0 : Connected to wss://gateway.discord.gg
2023-03-21 00:18:00 | [INFO]    | Shard 0 : Received HELLO
2023-03-21 00:18:00 | [INFO]    | Shard 0 : Received READY
2023-03-21 02:08:00 | [INFO]    | Shard 0 : Discord has requested a reconnection
2023-03-21 02:08:00 | [INFO]    | Shard 0 : Disconnected
2023-03-21 02:08:00 | [INFO]    | Shard 0 : Reconnecting...
2023-03-21 02:08:00 | [INFO]    | Shard 0 : Connected to wss://gateway.discord.gg
2023-03-21 02:08:00 | [INFO]    | Shard 0 : Received HELLO
2023-03-21 02:08:00 | [INFO]    | Shard 0 : Received RESUMED
2023-03-21 15:48:24 | [INFO]    | Discordia 2.11.2
2023-03-21 15:48:24 | [INFO]    | Connecting to Discord...
2023-03-21 15:48:24 | [INFO]    | Authenticated as mogbot#5755
2023-03-21 15:48:25 | [INFO]    | Launching shard 0 (1 out of 1)...
2023-03-21 15:48:25 | [INFO]    | Shard 0 : Connected to wss://gateway.discord.gg
2023-03-21 15:48:25 | [INFO]    | Shard 0 : Received HELLO
2023-03-21 15:48:25 | [INFO]    | Shard 0 : Received READY
2023-03-21 15:49:19 | [INFO]    | Discordia 2.11.2
2023-03-21 15:49:19 | [INFO]    | Connecting to Discord...
2023-03-21 15:49:20 | [INFO]    | Authenticated as mogbot#5755
2023-03-21 15:49:20 | [INFO]    | Launching shard 0 (1 out of 1)...
2023-03-21 15:49:20 | [INFO]    | Shard 0 : Connected to wss://gateway.discord.gg
2023-03-21 15:49:20 | [INFO]    | Shard 0 : Received HELLO
2023-03-21 15:49:20 | [INFO]    | Shard 0 : Received READY
2023-03-21 16:50:37 | [INFO]    | Shard 0 : Disconnected
2023-03-21 16:50:37 | [INFO]    | Shard 0 : Reconnecting after 1098 ms...
2023-03-21 16:50:38 | [INFO]    | Shard 0 : Connected to wss://gateway.discord.gg
2023-03-21 16:50:38 | [INFO]    | Shard 0 : Received HELLO
2023-03-21 16:50:39 | [INFO]    | Shard 0 : Received RESUMED
2023-03-22 10:40:21 | [INFO]    | Discordia 2.11.2
2023-03-22 10:40:21 | [INFO]    | Connecting to Discord...
2023-03-22 10:40:21 | [INFO]    | Authenticated as mogbot#5755
2023-03-22 10:40:21 | [INFO]    | Launching shard 0 (1 out of 1)...
2023-03-22 10:40:22 | [INFO]    | Shard 0 : Connected to wss://gateway.discord.gg
2023-03-22 10:40:22 | [INFO]    | Shard 0 : Received HELLO
2023-03-22 10:40:22 | [INFO]    | Shard 0 : Received READY
2023-03-22 10:40:57 | [INFO]    | Discordia 2.11.2
2023-03-22 10:40:57 | [INFO]    | Connecting to Discord...
2023-03-22 10:40:57 | [INFO]    | Authenticated as mogbot#5755
2023-03-22 10:40:57 | [INFO]    | Launching shard 0 (1 out of 1)...
2023-03-22 10:40:57 | [INFO]    | Shard 0 : Connected to wss://gateway.discord.gg
2023-03-22 10:40:57 | [INFO]    | Shard 0 : Received HELLO
2023-03-22 10:40:58 | [INFO]    | Shard 0 : Received READY
2023-03-23 13:56:52 | [INFO]    | Discordia 2.11.2
2023-03-23 13:56:52 | [INFO]    | Connecting to Discord...
2023-03-23 13:56:52 | [INFO]    | Authenticated as mogbot#5755
2023-03-23 13:56:53 | [INFO]    | Launching shard 0 (1 out of 1)...
2023-03-23 13:56:53 | [INFO]    | Shard 0 : Connected to wss://gateway.discord.gg
2023-03-23 13:56:53 | [INFO]    | Shard 0 : Received HELLO
2023-03-23 13:56:53 | [INFO]    | Shard 0 : Received READY
2023-03-23 14:38:49 | [WARNING] | Shard 0 : 1001 - Connection closed
2023-03-23 14:38:49 | [INFO]    | Shard 0 : Disconnected
2023-03-23 14:38:49 | [INFO]    | Shard 0 : Reconnecting after 998 ms...
2023-03-23 14:38:51 | [INFO]    | Shard 0 : Connected to wss://gateway.discord.gg
2023-03-23 14:38:51 | [INFO]    | Shard 0 : Received HELLO
2023-03-23 14:38:51 | [INFO]    | Shard 0 : Received RESUMED
2023-03-23 17:08:15 | [INFO]    | Shard 0 : Disconnected
2023-03-23 17:08:15 | [INFO]    | Shard 0 : Reconnecting after 916 ms...
2023-03-23 17:08:16 | [INFO]    | Shard 0 : Connected to wss://gateway.discord.gg
2023-03-23 17:08:16 | [INFO]    | Shard 0 : Received HELLO
2023-03-23 17:08:17 | [INFO]    | Shard 0 : Received RESUMED
2023-03-23 18:10:58 | [INFO]    | Shard 0 : Disconnected
2023-03-23 18:10:58 | [INFO]    | Shard 0 : Reconnecting after 931 ms...
2023-03-23 18:10:59 | [INFO]    | Shard 0 : Connected to wss://gateway.discord.gg
2023-03-23 18:10:59 | [INFO]    | Shard 0 : Received HELLO
2023-03-23 18:10:59 | [INFO]    | Shard 0 : Received RESUMED
2023-03-23 18:29:12 | [INFO]    | Shard 0 : Discord has requested a reconnection
2023-03-23 18:29:12 | [INFO]    | Shard 0 : Disconnected
2023-03-23 18:29:12 | [INFO]    | Shard 0 : Reconnecting...
2023-03-23 18:29:12 | [INFO]    | Shard 0 : Connected to wss://gateway.discord.gg
2023-03-23 18:29:12 | [INFO]    | Shard 0 : Received HELLO
2023-03-23 18:29:12 | [INFO]    | Shard 0 : Received RESUMED
2023-03-23 19:13:16 | [INFO]    | Shard 0 : Discord has requested a reconnection
2023-03-23 19:13:16 | [INFO]    | Shard 0 : Disconnected
2023-03-23 19:13:16 | [INFO]    | Shard 0 : Reconnecting...
2023-03-23 19:13:16 | [INFO]    | Shard 0 : Connected to wss://gateway.discord.gg
2023-03-23 19:13:16 | [INFO]    | Shard 0 : Received HELLO
2023-03-23 19:13:16 | [INFO]    | Shard 0 : Received RESUMED
2023-03-23 20:05:05 | [INFO]    | Shard 0 : Disconnected
2023-03-23 20:05:05 | [INFO]    | Shard 0 : Reconnecting after 960 ms...
2023-03-23 20:05:06 | [INFO]    | Shard 0 : Connected to wss://gateway.discord.gg
2023-03-23 20:05:06 | [INFO]    | Shard 0 : Received HELLO
2023-03-23 20:05:07 | [INFO]    | Shard 0 : Session invalidated, re-identifying...
2023-03-23 20:05:10 | [INFO]    | Shard 0 : Received READY
2023-03-23 20:42:21 | [INFO]    | Shard 0 : Discord has requested a reconnection
2023-03-23 20:42:21 | [INFO]    | Shard 0 : Disconnected
2023-03-23 20:42:21 | [INFO]    | Shard 0 : Reconnecting...
2023-03-23 20:42:22 | [INFO]    | Shard 0 : Connected to wss://gateway.discord.gg
2023-03-23 20:42:22 | [INFO]    | Shard 0 : Received HELLO
2023-03-23 20:42:22 | [INFO]    | Shard 0 : Received RESUMED
2023-03-24 00:06:40 | [INFO]    | Shard 0 : Discord has requested a reconnection
2023-03-24 00:06:41 | [INFO]    | Shard 0 : Disconnected
2023-03-24 00:06:41 | [INFO]    | Shard 0 : Reconnecting...
2023-03-24 00:06:41 | [INFO]    | Shard 0 : Connected to wss://gateway.discord.gg
2023-03-24 00:06:41 | [INFO]    | Shard 0 : Received HELLO
2023-03-24 00:06:41 | [INFO]    | Shard 0 : Received RESUMED
2023-04-04 15:38:42 | [INFO]    | Discordia 2.11.2
2023-04-04 15:38:42 | [INFO]    | Connecting to Discord...
2023-04-04 15:38:43 | [INFO]    | Authenticated as mogbot#5755
2023-04-04 15:38:43 | [INFO]    | Launching shard 0 (1 out of 1)...
2023-04-04 15:38:43 | [INFO]    | Shard 0 : Connected to wss://gateway.discord.gg
2023-04-04 15:38:43 | [INFO]    | Shard 0 : Received HELLO
2023-04-04 15:38:44 | [INFO]    | Shard 0 : Received READY
2023-04-04 15:38:50 | [ERROR]   | 403 - Forbidden : POST https://discord.com/api/v8/channels/344191457696940042/messages
2023-04-04 17:48:48 | [INFO]    | Shard 0 : Discord has requested a reconnection
2023-04-04 17:48:48 | [INFO]    | Shard 0 : Disconnected
2023-04-04 17:48:48 | [INFO]    | Shard 0 : Reconnecting...
2023-04-04 17:48:48 | [INFO]    | Shard 0 : Connected to wss://gateway.discord.gg
2023-04-04 17:48:48 | [INFO]    | Shard 0 : Received HELLO
2023-04-04 17:48:49 | [INFO]    | Shard 0 : Received RESUMED
2023-04-04 18:25:43 | [INFO]    | Shard 0 : Disconnected
2023-04-04 18:25:43 | [INFO]    | Shard 0 : Reconnecting after 925 ms...
2023-04-04 18:25:44 | [INFO]    | Shard 0 : Connected to wss://gateway.discord.gg
2023-04-04 18:25:44 | [INFO]    | Shard 0 : Received HELLO
2023-04-04 18:25:44 | [INFO]    | Shard 0 : Received RESUMED
2023-04-04 18:38:13 | [INFO]    | Shard 0 : Disconnected
2023-04-04 18:38:13 | [INFO]    | Shard 0 : Reconnecting after 1014 ms...
2023-04-04 18:38:14 | [INFO]    | Shard 0 : Connected to wss://gateway.discord.gg
2023-04-04 18:38:14 | [INFO]    | Shard 0 : Received HELLO
2023-04-04 18:38:14 | [INFO]    | Shard 0 : Received RESUMED
2023-04-04 19:22:36 | [INFO]    | Shard 0 : Discord has requested a reconnection
2023-04-04 19:22:36 | [INFO]    | Shard 0 : Disconnected
2023-04-04 19:22:36 | [INFO]    | Shard 0 : Reconnecting...
2023-04-04 19:22:36 | [INFO]    | Shard 0 : Connected to wss://gateway.discord.gg
2023-04-04 19:22:36 | [INFO]    | Shard 0 : Received HELLO
2023-04-04 19:22:36 | [INFO]    | Shard 0 : Received RESUMED
2023-04-04 23:01:33 | [INFO]    | Shard 0 : Discord has requested a reconnection
2023-04-04 23:01:33 | [INFO]    | Shard 0 : Disconnected
2023-04-04 23:01:33 | [INFO]    | Shard 0 : Reconnecting...
2023-04-04 23:01:34 | [INFO]    | Shard 0 : Connected to wss://gateway.discord.gg
2023-04-04 23:01:34 | [INFO]    | Shard 0 : Received HELLO
2023-04-04 23:01:34 | [INFO]    | Shard 0 : Received RESUMED
2023-04-05 02:10:57 | [INFO]    | Shard 0 : Discord has requested a reconnection
2023-04-05 02:10:57 | [INFO]    | Shard 0 : Disconnected
2023-04-05 02:10:57 | [INFO]    | Shard 0 : Reconnecting...
2023-04-05 02:10:57 | [INFO]    | Shard 0 : Connected to wss://gateway.discord.gg
2023-04-05 02:10:57 | [INFO]    | Shard 0 : Received HELLO
2023-04-05 02:10:57 | [INFO]    | Shard 0 : Received RESUMED
2023-04-05 21:10:29 | [INFO]    | Discordia 2.11.2
2023-04-05 21:10:29 | [INFO]    | Connecting to Discord...
2023-04-05 21:10:30 | [INFO]    | Authenticated as mogbot#5755
2023-04-05 21:10:31 | [INFO]    | Launching shard 0 (1 out of 1)...
2023-04-05 21:10:31 | [INFO]    | Shard 0 : Connected to wss://gateway.discord.gg
2023-04-05 21:10:31 | [INFO]    | Shard 0 : Received HELLO
2023-04-05 21:10:31 | [INFO]    | Shard 0 : Received READY
2023-04-05 23:19:36 | [INFO]    | Shard 0 : Discord has requested a reconnection
2023-04-05 23:19:36 | [INFO]    | Shard 0 : Disconnected
2023-04-05 23:19:36 | [INFO]    | Shard 0 : Reconnecting...
2023-04-05 23:19:36 | [INFO]    | Shard 0 : Connected to wss://gateway.discord.gg
2023-04-05 23:19:36 | [INFO]    | Shard 0 : Received HELLO
2023-04-05 23:19:36 | [INFO]    | Shard 0 : Received RESUMED
2023-04-06 00:00:09 | [INFO]    | Shard 0 : Discord has requested a reconnection
2023-04-06 00:00:09 | [INFO]    | Shard 0 : Disconnected
2023-04-06 00:00:09 | [INFO]    | Shard 0 : Reconnecting...
2023-04-06 00:00:09 | [INFO]    | Shard 0 : Connected to wss://gateway.discord.gg
2023-04-06 00:00:09 | [INFO]    | Shard 0 : Received HELLO
2023-04-06 00:00:10 | [INFO]    | Shard 0 : Received RESUMED
2023-04-10 23:18:02 | [INFO]    | Discordia 2.11.2
2023-04-10 23:18:02 | [INFO]    | Connecting to Discord...
2023-04-10 23:18:03 | [INFO]    | Authenticated as mogbot#5755
2023-04-10 23:18:03 | [INFO]    | Launching shard 0 (1 out of 1)...
2023-04-10 23:18:03 | [INFO]    | Shard 0 : Connected to wss://gateway.discord.gg
2023-04-10 23:18:03 | [INFO]    | Shard 0 : Received HELLO
2023-04-10 23:18:03 | [INFO]    | Shard 0 : Received READY
2023-04-10 23:56:06 | [INFO]    | Discordia 2.11.2
2023-04-10 23:56:06 | [INFO]    | Connecting to Discord...
2023-04-10 23:56:06 | [INFO]    | Authenticated as mogbot#5755
2023-04-10 23:56:06 | [INFO]    | Launching shard 0 (1 out of 1)...
2023-04-10 23:56:06 | [INFO]    | Shard 0 : Connected to wss://gateway.discord.gg
2023-04-10 23:56:06 | [INFO]    | Shard 0 : Received HELLO
2023-04-10 23:56:07 | [INFO]    | Shard 0 : Received READY
2023-04-11 23:03:23 | [INFO]    | Discordia 2.11.2
2023-04-11 23:03:23 | [INFO]    | Connecting to Discord...
2023-04-11 23:03:23 | [INFO]    | Authenticated as mogbot#5755
2023-04-11 23:03:23 | [INFO]    | Launching shard 0 (1 out of 1)...
2023-04-11 23:03:23 | [INFO]    | Shard 0 : Connected to wss://gateway.discord.gg
2023-04-11 23:03:23 | [INFO]    | Shard 0 : Received HELLO
2023-04-11 23:03:24 | [INFO]    | Shard 0 : Received READY
2023-04-11 23:38:10 | [INFO]    | Shard 0 : Discord has requested a reconnection
2023-04-11 23:38:10 | [INFO]    | Shard 0 : Disconnected
2023-04-11 23:38:10 | [INFO]    | Shard 0 : Reconnecting...
2023-04-11 23:38:10 | [INFO]    | Shard 0 : Connected to wss://gateway.discord.gg
2023-04-11 23:38:10 | [INFO]    | Shard 0 : Received HELLO
2023-04-11 23:38:10 | [INFO]    | Shard 0 : Received RESUMED
2023-04-12 01:28:47 | [INFO]    | Shard 0 : Discord has requested a reconnection
2023-04-12 01:28:47 | [INFO]    | Shard 0 : Disconnected
2023-04-12 01:28:47 | [INFO]    | Shard 0 : Reconnecting...
2023-04-12 01:28:47 | [INFO]    | Shard 0 : Connected to wss://gateway.discord.gg
2023-04-12 01:28:47 | [INFO]    | Shard 0 : Received HELLO
2023-04-12 01:28:47 | [INFO]    | Shard 0 : Received RESUMED
2023-04-16 20:08:10 | [INFO]    | Discordia 2.11.2
2023-04-16 20:08:10 | [INFO]    | Connecting to Discord...
2023-04-16 20:08:10 | [INFO]    | Authenticated as mogbot#5755
2023-04-16 20:08:11 | [INFO]    | Launching shard 0 (1 out of 1)...
2023-04-16 20:08:11 | [INFO]    | Shard 0 : Connected to wss://gateway.discord.gg
2023-04-16 20:08:11 | [INFO]    | Shard 0 : Received HELLO
2023-04-16 20:08:11 | [INFO]    | Shard 0 : Received READY
2023-04-16 20:43:37 | [INFO]    | Shard 0 : Discord has requested a reconnection
2023-04-16 20:43:37 | [INFO]    | Shard 0 : Disconnected
2023-04-16 20:43:37 | [INFO]    | Shard 0 : Reconnecting...
2023-04-16 20:43:37 | [INFO]    | Shard 0 : Connected to wss://gateway.discord.gg
2023-04-16 20:43:37 | [INFO]    | Shard 0 : Received HELLO
2023-04-16 20:43:38 | [INFO]    | Shard 0 : Received RESUMED
2023-04-16 22:00:08 | [INFO]    | Shard 0 : Discord has requested a reconnection
2023-04-16 22:00:08 | [INFO]    | Shard 0 : Disconnected
2023-04-16 22:00:08 | [INFO]    | Shard 0 : Reconnecting...
2023-04-16 22:00:08 | [INFO]    | Shard 0 : Connected to wss://gateway.discord.gg
2023-04-16 22:00:08 | [INFO]    | Shard 0 : Received HELLO
2023-04-16 22:00:08 | [INFO]    | Shard 0 : Received RESUMED
2023-04-24 20:07:40 | [INFO]    | Discordia 2.11.2
2023-04-24 20:07:40 | [INFO]    | Connecting to Discord...
2023-04-24 20:07:41 | [INFO]    | Authenticated as mogbot#5755
2023-04-24 20:07:42 | [INFO]    | Launching shard 0 (1 out of 1)...
2023-04-24 20:07:42 | [INFO]    | Shard 0 : Connected to wss://gateway.discord.gg
2023-04-24 20:07:42 | [INFO]    | Shard 0 : Received HELLO
2023-04-24 20:07:42 | [INFO]    | Shard 0 : Received READY
2023-04-24 21:45:36 | [INFO]    | Shard 0 : Discord has requested a reconnection
2023-04-24 21:45:36 | [INFO]    | Shard 0 : Disconnected
2023-04-24 21:45:36 | [INFO]    | Shard 0 : Reconnecting...
2023-04-24 21:45:37 | [INFO]    | Shard 0 : Connected to wss://gateway.discord.gg
2023-04-24 21:45:37 | [INFO]    | Shard 0 : Received HELLO
2023-04-24 21:45:37 | [INFO]    | Shard 0 : Received RESUMED
2023-04-25 00:22:03 | [INFO]    | Shard 0 : Discord has requested a reconnection
2023-04-25 00:22:03 | [INFO]    | Shard 0 : Disconnected
2023-04-25 00:22:03 | [INFO]    | Shard 0 : Reconnecting...
2023-04-25 00:22:03 | [INFO]    | Shard 0 : Connected to wss://gateway.discord.gg
2023-04-25 00:22:03 | [INFO]    | Shard 0 : Received HELLO
2023-04-25 00:22:03 | [INFO]    | Shard 0 : Received RESUMED
2023-04-27 00:43:30 | [INFO]    | Discordia 2.11.2
2023-04-27 00:43:30 | [INFO]    | Connecting to Discord...
2023-04-27 00:43:31 | [INFO]    | Authenticated as mogbot#5755
2023-04-27 00:43:31 | [INFO]    | Launching shard 0 (1 out of 1)...
2023-04-27 00:43:31 | [INFO]    | Shard 0 : Connected to wss://gateway.discord.gg
2023-04-27 00:43:31 | [INFO]    | Shard 0 : Received HELLO
2023-04-27 00:43:31 | [INFO]    | Shard 0 : Received READY
2023-04-27 00:56:47 | [INFO]    | Discordia 2.11.2
2023-04-27 00:56:47 | [INFO]    | Connecting to Discord...
2023-04-27 00:56:47 | [INFO]    | Authenticated as mogbot#5755
2023-04-27 00:56:47 | [INFO]    | Launching shard 0 (1 out of 1)...
2023-04-27 00:56:47 | [INFO]    | Shard 0 : Connected to wss://gateway.discord.gg
2023-04-27 00:56:47 | [INFO]    | Shard 0 : Received HELLO
2023-04-27 00:56:47 | [INFO]    | Shard 0 : Received READY
2023-04-27 00:57:14 | [INFO]    | Discordia 2.11.2
2023-04-27 00:57:14 | [INFO]    | Connecting to Discord...
2023-04-27 00:57:14 | [INFO]    | Authenticated as mogbot#5755
2023-04-27 00:57:14 | [INFO]    | Launching shard 0 (1 out of 1)...
2023-04-27 00:57:14 | [INFO]    | Shard 0 : Connected to wss://gateway.discord.gg
2023-04-27 00:57:14 | [INFO]    | Shard 0 : Received HELLO
2023-04-27 00:57:15 | [INFO]    | Shard 0 : Received READY
2023-04-27 01:00:14 | [ERROR]   | 404 - Not Found : GET https://discord.com/api/v8/guilds/1080570167651749978/members/328026599599374336
2023-04-27 01:04:47 | [INFO]    | Discordia 2.11.2
2023-04-27 01:04:47 | [INFO]    | Connecting to Discord...
2023-04-27 01:04:47 | [INFO]    | Authenticated as mogbot#5755
2023-04-27 01:04:47 | [INFO]    | Launching shard 0 (1 out of 1)...
2023-04-27 01:04:47 | [INFO]    | Shard 0 : Connected to wss://gateway.discord.gg
2023-04-27 01:04:47 | [INFO]    | Shard 0 : Received HELLO
2023-04-27 01:04:48 | [INFO]    | Shard 0 : Received READY
2023-04-27 01:09:15 | [INFO]    | Discordia 2.11.2
2023-04-27 01:09:15 | [INFO]    | Connecting to Discord...
2023-04-27 01:09:16 | [INFO]    | Authenticated as mogbot#5755
2023-04-27 01:09:16 | [INFO]    | Launching shard 0 (1 out of 1)...
2023-04-27 01:09:16 | [INFO]    | Shard 0 : Connected to wss://gateway.discord.gg
2023-04-27 01:09:16 | [INFO]    | Shard 0 : Received HELLO
2023-04-27 01:09:16 | [INFO]    | Shard 0 : Received READY
2023-04-27 01:26:27 | [INFO]    | Shard 0 : Disconnected
2023-04-27 01:26:27 | [INFO]    | Shard 0 : Reconnecting after 933 ms...
2023-04-27 01:26:28 | [INFO]    | Shard 0 : Connected to wss://gateway.discord.gg
2023-04-27 01:26:28 | [INFO]    | Shard 0 : Received HELLO
2023-04-27 01:26:28 | [INFO]    | Shard 0 : Received RESUMED
2023-11-09 23:24:30 | [INFO]    | Discordia 2.11.2
2023-11-09 23:24:30 | [INFO]    | Connecting to Discord...
2023-11-09 23:24:30 | [INFO]    | Authenticated as mogbot#5755
2023-11-09 23:24:31 | [INFO]    | Launching shard 0 (1 out of 1)...
2023-11-09 23:24:31 | [INFO]    | Shard 0 : Connected to wss://gateway.discord.gg
2023-11-09 23:24:31 | [INFO]    | Shard 0 : Received HELLO
2023-11-09 23:24:31 | [INFO]    | Shard 0 : Received READY
